RUN	test.scala.Simulation.FixedDurationLoadSimulation	fixeddurationloadsimulation	1594212395131	 	3.3.1
USER	Fixed Duration Simulation	6	START	1594212402346	1594212402346
USER	Fixed Duration Simulation	9	START	1594212402419	1594212402419
USER	Fixed Duration Simulation	2	START	1594212402345	1594212402345
USER	Fixed Duration Simulation	10	START	1594212402423	1594212402423
USER	Fixed Duration Simulation	11	START	1594212402424	1594212402424
USER	Fixed Duration Simulation	1	START	1594212402345	1594212402345
USER	Fixed Duration Simulation	7	START	1594212402346	1594212402346
USER	Fixed Duration Simulation	4	START	1594212402346	1594212402346
USER	Fixed Duration Simulation	3	START	1594212402346	1594212402346
USER	Fixed Duration Simulation	5	START	1594212402346	1594212402346
USER	Fixed Duration Simulation	8	START	1594212402346	1594212402346
REQUEST	4		Get all video games	1594212402437	1594212402458	OK	 
REQUEST	8		Get all video games	1594212402481	1594212402537	OK	 
REQUEST	9		Get all video games	1594212402420	1594212402557	OK	 
REQUEST	1		Get all video games	1594212402426	1594212402561	OK	 
REQUEST	5		Get all video games	1594212402444	1594212402564	OK	 
REQUEST	2		Get all video games	1594212402423	1594212402585	OK	 
REQUEST	7		Get all video games	1594212402415	1594212402587	OK	 
REQUEST	10		Get all video games	1594212402424	1594212402588	OK	 
REQUEST	3		Get all video games	1594212402442	1594212402592	OK	 
REQUEST	6		Get all video games	1594212402416	1594212402594	OK	 
REQUEST	11		Get all video games	1594212402425	1594212402595	OK	 
USER	Fixed Duration Simulation	12	START	1594212402843	1594212402843
REQUEST	12		Get all video games	1594212402843	1594212402848	OK	 
USER	Fixed Duration Simulation	13	START	1594212403343	1594212403343
REQUEST	13		Get all video games	1594212403344	1594212403348	OK	 
USER	Fixed Duration Simulation	14	START	1594212403843	1594212403843
REQUEST	14		Get all video games	1594212403844	1594212403850	OK	 
USER	Fixed Duration Simulation	15	START	1594212404347	1594212404347
REQUEST	15		Get all video games	1594212404348	1594212404352	OK	 
USER	Fixed Duration Simulation	16	START	1594212405333	1594212405333
REQUEST	16		Get all video games	1594212405334	1594212405338	OK	 
USER	Fixed Duration Simulation	17	START	1594212405845	1594212405845
REQUEST	17		Get all video games	1594212405846	1594212405852	OK	 
USER	Fixed Duration Simulation	18	START	1594212406346	1594212406346
REQUEST	18		Get all video games	1594212406347	1594212406353	OK	 
USER	Fixed Duration Simulation	19	START	1594212406847	1594212406847
REQUEST	19		Get all video games	1594212406849	1594212406856	OK	 
USER	Fixed Duration Simulation	20	START	1594212407343	1594212407343
REQUEST	20		Get all video games	1594212407344	1594212407349	OK	 
REQUEST	4		Get Specific Game	1594212407486	1594212407490	OK	 
REQUEST	8		Get Specific Game	1594212407554	1594212407560	OK	 
REQUEST	9		Get Specific Game	1594212407575	1594212407582	OK	 
REQUEST	1		Get Specific Game	1594212407575	1594212407590	OK	 
REQUEST	5		Get Specific Game	1594212407577	1594212407592	OK	 
REQUEST	10		Get Specific Game	1594212407608	1594212407614	OK	 
REQUEST	6		Get Specific Game	1594212407609	1594212407616	OK	 
REQUEST	3		Get Specific Game	1594212407609	1594212407616	OK	 
REQUEST	2		Get Specific Game	1594212407611	1594212407621	OK	 
REQUEST	7		Get Specific Game	1594212407608	1594212407622	OK	 
REQUEST	11		Get Specific Game	1594212407625	1594212407628	OK	 
REQUEST	12		Get Specific Game	1594212407867	1594212407870	OK	 
USER	Fixed Duration Simulation	21	START	1594212408347	1594212408347
REQUEST	21		Get all video games	1594212408349	1594212408353	OK	 
REQUEST	13		Get Specific Game	1594212408368	1594212408374	OK	 
USER	Fixed Duration Simulation	22	START	1594212408844	1594212408844
REQUEST	22		Get all video games	1594212408845	1594212408850	OK	 
REQUEST	14		Get Specific Game	1594212408865	1594212408867	OK	 
USER	Fixed Duration Simulation	23	START	1594212409344	1594212409344
REQUEST	23		Get all video games	1594212409346	1594212409352	OK	 
REQUEST	15		Get Specific Game	1594212409365	1594212409369	OK	 
USER	Fixed Duration Simulation	24	START	1594212409833	1594212409833
REQUEST	24		Get all video games	1594212409834	1594212409838	OK	 
USER	Fixed Duration Simulation	25	START	1594212410337	1594212410337
REQUEST	25		Get all video games	1594212410338	1594212410342	OK	 
REQUEST	16		Get Specific Game	1594212410354	1594212410357	OK	 
REQUEST	17		Get Specific Game	1594212410863	1594212410865	OK	 
USER	Fixed Duration Simulation	26	START	1594212411334	1594212411334
REQUEST	26		Get all video games	1594212411335	1594212411340	OK	 
REQUEST	18		Get Specific Game	1594212411366	1594212411369	OK	 
USER	Fixed Duration Simulation	27	START	1594212411845	1594212411845
REQUEST	27		Get all video games	1594212411846	1594212411850	OK	 
REQUEST	19		Get Specific Game	1594212411867	1594212411870	OK	 
USER	Fixed Duration Simulation	28	START	1594212412343	1594212412343
REQUEST	28		Get all video games	1594212412343	1594212412349	OK	 
REQUEST	20		Get Specific Game	1594212412363	1594212412365	OK	 
REQUEST	4		Get all video games	1594212412474	1594212412477	OK	 
REQUEST	4		Get all video games	1594212412478	1594212412480	OK	 
REQUEST	8		Get all video games	1594212412567	1594212412571	OK	 
REQUEST	8		Get all video games	1594212412572	1594212412576	OK	 
REQUEST	9		Get all video games	1594212412587	1594212412590	OK	 
REQUEST	9		Get all video games	1594212412590	1594212412592	OK	 
REQUEST	1		Get all video games	1594212412597	1594212412601	OK	 
REQUEST	5		Get all video games	1594212412597	1594212412603	OK	 
REQUEST	1		Get all video games	1594212412602	1594212412606	OK	 
REQUEST	5		Get all video games	1594212412604	1594212412609	OK	 
REQUEST	10		Get all video games	1594212412614	1594212412619	OK	 
REQUEST	7		Get all video games	1594212412616	1594212412622	OK	 
REQUEST	10		Get all video games	1594212412620	1594212412624	OK	 
REQUEST	7		Get all video games	1594212412623	1594212412629	OK	 
REQUEST	11		Get all video games	1594212412631	1594212412634	OK	 
REQUEST	11		Get all video games	1594212412635	1594212412638	OK	 
REQUEST	6		Get all video games	1594212412634	1594212412640	OK	 
REQUEST	6		Get all video games	1594212412641	1594212412644	OK	 
REQUEST	3		Get all video games	1594212412644	1594212412648	OK	 
REQUEST	3		Get all video games	1594212412650	1594212412654	OK	 
REQUEST	2		Get all video games	1594212412657	1594212412665	OK	 
REQUEST	2		Get all video games	1594212412666	1594212412669	OK	 
USER	Fixed Duration Simulation	29	START	1594212412833	1594212412833
REQUEST	29		Get all video games	1594212412833	1594212412839	OK	 
REQUEST	12		Get all video games	1594212412873	1594212412878	OK	 
REQUEST	12		Get all video games	1594212412879	1594212412882	OK	 
USER	Fixed Duration Simulation	30	START	1594212413333	1594212413333
REQUEST	30		Get all video games	1594212413333	1594212413337	OK	 
REQUEST	21		Get Specific Game	1594212413364	1594212413369	OK	 
REQUEST	13		Get all video games	1594212413364	1594212413372	OK	 
REQUEST	13		Get all video games	1594212413373	1594212413376	OK	 
REQUEST	22		Get Specific Game	1594212413864	1594212413868	OK	 
REQUEST	14		Get all video games	1594212413874	1594212413877	OK	 
REQUEST	14		Get all video games	1594212413878	1594212413880	OK	 
USER	Fixed Duration Simulation	31	START	1594212414347	1594212414347
REQUEST	31		Get all video games	1594212414348	1594212414352	OK	 
REQUEST	23		Get Specific Game	1594212414368	1594212414372	OK	 
REQUEST	15		Get all video games	1594212414373	1594212414375	OK	 
REQUEST	15		Get all video games	1594212414376	1594212414379	OK	 
USER	Fixed Duration Simulation	32	START	1594212414833	1594212414833
REQUEST	32		Get all video games	1594212414833	1594212414839	OK	 
REQUEST	24		Get Specific Game	1594212414853	1594212414856	OK	 
USER	Fixed Duration Simulation	33	START	1594212415335	1594212415335
REQUEST	33		Get all video games	1594212415336	1594212415343	OK	 
REQUEST	25		Get Specific Game	1594212415356	1594212415359	OK	 
REQUEST	16		Get all video games	1594212415366	1594212415369	OK	 
REQUEST	16		Get all video games	1594212415370	1594212415373	OK	 
USER	Fixed Duration Simulation	34	START	1594212415843	1594212415843
REQUEST	34		Get all video games	1594212415844	1594212415850	OK	 
REQUEST	17		Get all video games	1594212415875	1594212415878	OK	 
REQUEST	17		Get all video games	1594212415879	1594212415882	OK	 
USER	Fixed Duration Simulation	35	START	1594212416347	1594212416347
REQUEST	35		Get all video games	1594212416348	1594212416354	OK	 
REQUEST	26		Get Specific Game	1594212416358	1594212416361	OK	 
REQUEST	18		Get all video games	1594212416375	1594212416380	OK	 
REQUEST	18		Get all video games	1594212416381	1594212416384	OK	 
REQUEST	27		Get Specific Game	1594212416868	1594212416871	OK	 
REQUEST	19		Get all video games	1594212416873	1594212416875	OK	 
REQUEST	19		Get all video games	1594212416876	1594212416881	OK	 
USER	Fixed Duration Simulation	36	START	1594212417336	1594212417336
REQUEST	36		Get all video games	1594212417337	1594212417342	OK	 
REQUEST	28		Get Specific Game	1594212417357	1594212417359	OK	 
REQUEST	20		Get all video games	1594212417368	1594212417370	OK	 
REQUEST	20		Get all video games	1594212417371	1594212417373	OK	 
REQUEST	4		Get Specific Game	1594212417494	1594212417496	OK	 
REQUEST	8		Get Specific Game	1594212417567	1594212417569	OK	 
REQUEST	9		Get Specific Game	1594212417589	1594212417591	OK	 
REQUEST	1		Get Specific Game	1594212417593	1594212417595	OK	 
REQUEST	5		Get Specific Game	1594212417604	1594212417606	OK	 
REQUEST	2		Get Specific Game	1594212417624	1594212417626	OK	 
REQUEST	3		Get Specific Game	1594212417634	1594212417636	OK	 
REQUEST	11		Get Specific Game	1594212417646	1594212417648	OK	 
REQUEST	6		Get Specific Game	1594212417645	1594212417648	OK	 
REQUEST	10		Get Specific Game	1594212417655	1594212417660	OK	 
REQUEST	7		Get Specific Game	1594212417663	1594212417666	OK	 
USER	Fixed Duration Simulation	37	START	1594212417843	1594212417843
REQUEST	29		Get Specific Game	1594212417843	1594212417846	OK	 
REQUEST	37		Get all video games	1594212417843	1594212417848	OK	 
REQUEST	12		Get Specific Game	1594212417873	1594212417875	OK	 
USER	Fixed Duration Simulation	38	START	1594212418347	1594212418347
REQUEST	38		Get all video games	1594212418348	1594212418353	OK	 
REQUEST	30		Get Specific Game	1594212418358	1594212418361	OK	 
REQUEST	21		Get all video games	1594212418373	1594212418377	OK	 
REQUEST	21		Get all video games	1594212418378	1594212418380	OK	 
REQUEST	13		Get Specific Game	1594212418374	1594212418382	OK	 
USER	Fixed Duration Simulation	39	START	1594212418842	1594212418842
REQUEST	39		Get all video games	1594212418843	1594212418847	OK	 
REQUEST	14		Get Specific Game	1594212418874	1594212418877	OK	 
REQUEST	22		Get all video games	1594212418875	1594212418881	OK	 
REQUEST	22		Get all video games	1594212418882	1594212418885	OK	 
USER	Fixed Duration Simulation	40	START	1594212419337	1594212419337
REQUEST	40		Get all video games	1594212419338	1594212419343	OK	 
REQUEST	31		Get Specific Game	1594212419366	1594212419370	OK	 
REQUEST	23		Get all video games	1594212419367	1594212419372	OK	 
REQUEST	23		Get all video games	1594212419373	1594212419376	OK	 
REQUEST	15		Get Specific Game	1594212419385	1594212419388	OK	 
REQUEST	32		Get Specific Game	1594212419843	1594212419847	OK	 
REQUEST	24		Get all video games	1594212419864	1594212419866	OK	 
REQUEST	24		Get all video games	1594212419867	1594212419869	OK	 
USER	Fixed Duration Simulation	41	START	1594212420334	1594212420334
REQUEST	41		Get all video games	1594212420335	1594212420339	OK	 
REQUEST	33		Get Specific Game	1594212420356	1594212420361	OK	 
REQUEST	16		Get Specific Game	1594212420367	1594212420371	OK	 
REQUEST	25		Get all video games	1594212420367	1594212420372	OK	 
REQUEST	25		Get all video games	1594212420373	1594212420375	OK	 
USER	Fixed Duration Simulation	42	START	1594212420836	1594212420836
REQUEST	42		Get all video games	1594212420837	1594212420842	OK	 
REQUEST	34		Get Specific Game	1594212420867	1594212420871	OK	 
REQUEST	17		Get Specific Game	1594212420877	1594212420880	OK	 
USER	Fixed Duration Simulation	43	START	1594212421333	1594212421333
REQUEST	43		Get all video games	1594212421333	1594212421338	OK	 
REQUEST	26		Get all video games	1594212421364	1594212421367	OK	 
REQUEST	35		Get Specific Game	1594212421364	1594212421367	OK	 
REQUEST	26		Get all video games	1594212421367	1594212421369	OK	 
REQUEST	18		Get Specific Game	1594212421396	1594212421398	OK	 
USER	Fixed Duration Simulation	44	START	1594212421834	1594212421834
REQUEST	44		Get all video games	1594212421835	1594212421838	OK	 
REQUEST	27		Get all video games	1594212421866	1594212421870	OK	 
REQUEST	27		Get all video games	1594212421870	1594212421874	OK	 
REQUEST	19		Get Specific Game	1594212421887	1594212421889	OK	 
USER	Fixed Duration Simulation	45	START	1594212422336	1594212422336
REQUEST	45		Get all video games	1594212422336	1594212422340	OK	 
REQUEST	36		Get Specific Game	1594212422356	1594212422359	OK	 
REQUEST	28		Get all video games	1594212422377	1594212422381	OK	 
REQUEST	20		Get Specific Game	1594212422378	1594212422382	OK	 
REQUEST	28		Get all video games	1594212422381	1594212422385	OK	 
REQUEST	4		Get all video games	1594212422506	1594212422510	OK	 
REQUEST	4		Get all video games	1594212422511	1594212422513	OK	 
REQUEST	8		Get all video games	1594212422575	1594212422578	OK	 
REQUEST	8		Get all video games	1594212422578	1594212422581	OK	 
REQUEST	9		Get all video games	1594212422584	1594212422587	OK	 
REQUEST	9		Get all video games	1594212422587	1594212422590	OK	 
REQUEST	1		Get all video games	1594212422617	1594212422620	OK	 
REQUEST	1		Get all video games	1594212422621	1594212422624	OK	 
REQUEST	5		Get all video games	1594212422617	1594212422626	OK	 
REQUEST	5		Get all video games	1594212422627	1594212422632	OK	 
REQUEST	10		Get all video games	1594212422634	1594212422637	OK	 
REQUEST	10		Get all video games	1594212422638	1594212422641	OK	 
REQUEST	3		Get all video games	1594212422639	1594212422642	OK	 
REQUEST	3		Get all video games	1594212422644	1594212422658	OK	 
REQUEST	11		Get all video games	1594212422663	1594212422666	OK	 
REQUEST	11		Get all video games	1594212422667	1594212422673	OK	 
REQUEST	7		Get all video games	1594212422668	1594212422674	OK	 
REQUEST	2		Get all video games	1594212422669	1594212422677	OK	 
REQUEST	7		Get all video games	1594212422676	1594212422679	OK	 
REQUEST	2		Get all video games	1594212422678	1594212422680	OK	 
REQUEST	6		Get all video games	1594212422664	1594212422681	OK	 
REQUEST	6		Get all video games	1594212422681	1594212422686	OK	 
REQUEST	37		Get Specific Game	1594212422853	1594212422856	OK	 
REQUEST	29		Get all video games	1594212422853	1594212422859	OK	 
REQUEST	29		Get all video games	1594212422873	1594212422877	OK	 
REQUEST	12		Get all video games	1594212422883	1594212422886	OK	 
REQUEST	12		Get all video games	1594212422887	1594212422890	OK	 
USER	Fixed Duration Simulation	46	START	1594212423333	1594212423333
REQUEST	46		Get all video games	1594212423334	1594212423337	OK	 
REQUEST	30		Get all video games	1594212423345	1594212423348	OK	 
REQUEST	30		Get all video games	1594212423349	1594212423352	OK	 
REQUEST	38		Get Specific Game	1594212423367	1594212423369	OK	 
REQUEST	21		Get Specific Game	1594212423377	1594212423380	OK	 
REQUEST	13		Get all video games	1594212423397	1594212423399	OK	 
REQUEST	13		Get all video games	1594212423400	1594212423403	OK	 
USER	Fixed Duration Simulation	47	START	1594212423834	1594212423834
REQUEST	47		Get all video games	1594212423835	1594212423842	OK	 
REQUEST	39		Get Specific Game	1594212423866	1594212423868	OK	 
REQUEST	14		Get all video games	1594212423876	1594212423879	OK	 
REQUEST	14		Get all video games	1594212423879	1594212423881	OK	 
REQUEST	22		Get Specific Game	1594212423887	1594212423890	OK	 
USER	Fixed Duration Simulation	48	START	1594212424333	1594212424333
REQUEST	48		Get all video games	1594212424333	1594212424337	OK	 
REQUEST	40		Get Specific Game	1594212424356	1594212424358	OK	 
REQUEST	31		Get all video games	1594212424376	1594212424378	OK	 
REQUEST	31		Get all video games	1594212424379	1594212424381	OK	 
REQUEST	15		Get all video games	1594212424386	1594212424388	OK	 
REQUEST	15		Get all video games	1594212424389	1594212424392	OK	 
REQUEST	23		Get Specific Game	1594212424396	1594212424398	OK	 
USER	Fixed Duration Simulation	49	START	1594212424836	1594212424836
REQUEST	49		Get all video games	1594212424837	1594212424840	OK	 
REQUEST	24		Get Specific Game	1594212424867	1594212424871	OK	 
REQUEST	32		Get all video games	1594212424867	1594212424873	OK	 
REQUEST	32		Get all video games	1594212424873	1594212424876	OK	 
USER	Fixed Duration Simulation	50	START	1594212425335	1594212425335
REQUEST	50		Get all video games	1594212425336	1594212425340	OK	 
REQUEST	41		Get Specific Game	1594212425356	1594212425359	OK	 
REQUEST	33		Get all video games	1594212425366	1594212425369	OK	 
REQUEST	16		Get all video games	1594212425366	1594212425369	OK	 
REQUEST	33		Get all video games	1594212425370	1594212425373	OK	 
REQUEST	16		Get all video games	1594212425370	1594212425373	OK	 
REQUEST	25		Get Specific Game	1594212425378	1594212425381	OK	 
REQUEST	42		Get Specific Game	1594212425857	1594212425859	OK	 
REQUEST	34		Get all video games	1594212425873	1594212425875	OK	 
REQUEST	17		Get all video games	1594212425873	1594212425877	OK	 
REQUEST	34		Get all video games	1594212425876	1594212425879	OK	 
REQUEST	17		Get all video games	1594212425878	1594212425881	OK	 
USER	Fixed Duration Simulation	51	START	1594212426336	1594212426336
REQUEST	51		Get all video games	1594212426337	1594212426341	OK	 
REQUEST	43		Get Specific Game	1594212426343	1594212426345	OK	 
REQUEST	26		Get Specific Game	1594212426366	1594212426369	OK	 
REQUEST	35		Get all video games	1594212426376	1594212426378	OK	 
REQUEST	35		Get all video games	1594212426379	1594212426381	OK	 
REQUEST	18		Get all video games	1594212426397	1594212426400	OK	 
REQUEST	18		Get all video games	1594212426400	1594212426403	OK	 
USER	Fixed Duration Simulation	52	START	1594212426837	1594212426837
REQUEST	52		Get all video games	1594212426837	1594212426841	OK	 
REQUEST	44		Get Specific Game	1594212426857	1594212426860	OK	 
REQUEST	27		Get Specific Game	1594212426877	1594212426879	OK	 
REQUEST	19		Get all video games	1594212426897	1594212426900	OK	 
REQUEST	19		Get all video games	1594212426900	1594212426903	OK	 
USER	Fixed Duration Simulation	53	START	1594212427335	1594212427335
REQUEST	53		Get all video games	1594212427336	1594212427339	OK	 
REQUEST	45		Get Specific Game	1594212427356	1594212427359	OK	 
REQUEST	36		Get all video games	1594212427366	1594212427369	OK	 
REQUEST	36		Get all video games	1594212427371	1594212427372	OK	 
REQUEST	20		Get all video games	1594212427377	1594212427381	OK	 
REQUEST	20		Get all video games	1594212427382	1594212427384	OK	 
REQUEST	28		Get Specific Game	1594212427388	1594212427392	OK	 
REQUEST	4		Get Specific Game	1594212427507	1594212427516	OK	 
REQUEST	8		Get Specific Game	1594212427575	1594212427578	OK	 
REQUEST	9		Get Specific Game	1594212427596	1594212427601	OK	 
REQUEST	11		Get Specific Game	1594212427643	1594212427646	OK	 
REQUEST	2		Get Specific Game	1594212427647	1594212427650	OK	 
REQUEST	5		Get Specific Game	1594212427653	1594212427656	OK	 
REQUEST	1		Get Specific Game	1594212427653	1594212427658	OK	 
REQUEST	10		Get Specific Game	1594212427658	1594212427664	OK	 
REQUEST	3		Get Specific Game	1594212427669	1594212427673	OK	 
REQUEST	7		Get Specific Game	1594212427672	1594212427675	OK	 
REQUEST	6		Get Specific Game	1594212427676	1594212427680	OK	 
USER	Fixed Duration Simulation	54	START	1594212427833	1594212427833
REQUEST	54		Get all video games	1594212427833	1594212427840	OK	 
REQUEST	29		Get Specific Game	1594212427863	1594212427866	OK	 
REQUEST	12		Get Specific Game	1594212427874	1594212427878	OK	 
REQUEST	37		Get all video games	1594212427885	1594212427888	OK	 
REQUEST	37		Get all video games	1594212427889	1594212427891	OK	 
USER	Fixed Duration Simulation	55	START	1594212428333	1594212428333
REQUEST	55		Get all video games	1594212428333	1594212428338	OK	 
REQUEST	46		Get Specific Game	1594212428355	1594212428359	OK	 
REQUEST	30		Get Specific Game	1594212428367	1594212428370	OK	 
REQUEST	38		Get all video games	1594212428374	1594212428379	OK	 
REQUEST	38		Get all video games	1594212428382	1594212428385	OK	 
REQUEST	21		Get all video games	1594212428387	1594212428391	OK	 
REQUEST	21		Get all video games	1594212428392	1594212428395	OK	 
REQUEST	13		Get Specific Game	1594212428393	1594212428398	OK	 
REQUEST	47		Get Specific Game	1594212428856	1594212428858	OK	 
REQUEST	39		Get all video games	1594212428876	1594212428880	OK	 
REQUEST	39		Get all video games	1594212428882	1594212428884	OK	 
REQUEST	14		Get Specific Game	1594212428888	1594212428891	OK	 
REQUEST	22		Get all video games	1594212428892	1594212428895	OK	 
REQUEST	22		Get all video games	1594212428896	1594212428898	OK	 
USER	Fixed Duration Simulation	56	START	1594212429345	1594212429345
REQUEST	56		Get all video games	1594212429346	1594212429350	OK	 
REQUEST	48		Get Specific Game	1594212429356	1594212429359	OK	 
REQUEST	40		Get all video games	1594212429367	1594212429369	OK	 
REQUEST	40		Get all video games	1594212429370	1594212429371	OK	 
REQUEST	31		Get Specific Game	1594212429387	1594212429390	OK	 
REQUEST	15		Get Specific Game	1594212429387	1594212429391	OK	 
REQUEST	23		Get all video games	1594212429398	1594212429400	OK	 
REQUEST	23		Get all video games	1594212429401	1594212429403	OK	 
USER	Fixed Duration Simulation	57	START	1594212429835	1594212429835
REQUEST	57		Get all video games	1594212429835	1594212429839	OK	 
REQUEST	49		Get Specific Game	1594212429855	1594212429857	OK	 
REQUEST	32		Get Specific Game	1594212429866	1594212429869	OK	 
REQUEST	24		Get all video games	1594212429866	1594212429869	OK	 
REQUEST	24		Get all video games	1594212429869	1594212429871	OK	 
USER	Fixed Duration Simulation	58	START	1594212430333	1594212430333
REQUEST	58		Get all video games	1594212430333	1594212430336	OK	 
REQUEST	50		Get Specific Game	1594212430353	1594212430355	OK	 
REQUEST	41		Get all video games	1594212430363	1594212430366	OK	 
REQUEST	25		Get all video games	1594212430363	1594212430367	OK	 
REQUEST	41		Get all video games	1594212430366	1594212430369	OK	 
REQUEST	25		Get all video games	1594212430367	1594212430369	OK	 
REQUEST	33		Get Specific Game	1594212430374	1594212430377	OK	 
REQUEST	16		Get Specific Game	1594212430379	1594212430381	OK	 
USER	Fixed Duration Simulation	59	START	1594212430847	1594212430847
REQUEST	59		Get all video games	1594212430848	1594212430851	OK	 
REQUEST	42		Get all video games	1594212430867	1594212430869	OK	 
REQUEST	42		Get all video games	1594212430870	1594212430871	OK	 
REQUEST	34		Get Specific Game	1594212430878	1594212430880	OK	 
REQUEST	17		Get Specific Game	1594212430893	1594212430896	OK	 
USER	Fixed Duration Simulation	60	START	1594212431345	1594212431345
REQUEST	51		Get Specific Game	1594212431345	1594212431351	OK	 
REQUEST	60		Get all video games	1594212431346	1594212431352	OK	 
REQUEST	43		Get all video games	1594212431363	1594212431366	OK	 
REQUEST	43		Get all video games	1594212431366	1594212431368	OK	 
REQUEST	35		Get Specific Game	1594212431374	1594212431376	OK	 
REQUEST	26		Get all video games	1594212431374	1594212431378	OK	 
REQUEST	26		Get all video games	1594212431378	1594212431380	OK	 
REQUEST	18		Get Specific Game	1594212431394	1594212431396	OK	 
REQUEST	52		Get Specific Game	1594212431854	1594212431857	OK	 
REQUEST	44		Get all video games	1594212431854	1594212431858	OK	 
REQUEST	44		Get all video games	1594212431859	1594212431860	OK	 
REQUEST	27		Get all video games	1594212431887	1594212431889	OK	 
REQUEST	27		Get all video games	1594212431889	1594212431891	OK	 
REQUEST	19		Get Specific Game	1594212431897	1594212431899	OK	 
REQUEST	53		Get Specific Game	1594212432358	1594212432360	OK	 
REQUEST	36		Get Specific Game	1594212432368	1594212432370	OK	 
REQUEST	45		Get all video games	1594212432369	1594212432370	OK	 
REQUEST	45		Get all video games	1594212432371	1594212432373	OK	 
REQUEST	28		Get all video games	1594212432373	1594212432376	OK	 
REQUEST	28		Get all video games	1594212432376	1594212432379	OK	 
REQUEST	20		Get Specific Game	1594212432386	1594212432388	OK	 
REQUEST	4		Get all video games	1594212432503	1594212432507	OK	 
REQUEST	4		Get all video games	1594212432508	1594212432513	OK	 
REQUEST	8		Get all video games	1594212432583	1594212432585	OK	 
REQUEST	8		Get all video games	1594212432586	1594212432589	OK	 
REQUEST	9		Get all video games	1594212432604	1594212432608	OK	 
REQUEST	9		Get all video games	1594212432608	1594212432610	OK	 
REQUEST	1		Get all video games	1594212432635	1594212432637	OK	 
REQUEST	11		Get all video games	1594212432635	1594212432638	OK	 
REQUEST	1		Get all video games	1594212432638	1594212432641	OK	 
REQUEST	11		Get all video games	1594212432639	1594212432644	OK	 
REQUEST	2		Get all video games	1594212432646	1594212432650	OK	 
REQUEST	2		Get all video games	1594212432650	1594212432653	OK	 
REQUEST	5		Get all video games	1594212432652	1594212432655	OK	 
REQUEST	5		Get all video games	1594212432655	1594212432657	OK	 
REQUEST	7		Get all video games	1594212432656	1594212432658	OK	 
REQUEST	10		Get all video games	1594212432655	1594212432659	OK	 
REQUEST	7		Get all video games	1594212432658	1594212432660	OK	 
REQUEST	10		Get all video games	1594212432660	1594212432661	OK	 
REQUEST	3		Get all video games	1594212432662	1594212432663	OK	 
REQUEST	6		Get all video games	1594212432663	1594212432665	OK	 
REQUEST	3		Get all video games	1594212432663	1594212432665	OK	 
REQUEST	6		Get all video games	1594212432665	1594212432667	OK	 
REQUEST	54		Get Specific Game	1594212432845	1594212432848	OK	 
REQUEST	29		Get all video games	1594212432876	1594212432879	OK	 
REQUEST	37		Get Specific Game	1594212432876	1594212432880	OK	 
REQUEST	29		Get all video games	1594212432879	1594212432881	OK	 
REQUEST	12		Get all video games	1594212432896	1594212432897	OK	 
REQUEST	12		Get all video games	1594212432898	1594212432899	OK	 
REQUEST	55		Get Specific Game	1594212433346	1594212433348	OK	 
REQUEST	46		Get all video games	1594212433356	1594212433358	OK	 
REQUEST	46		Get all video games	1594212433358	1594212433359	OK	 
REQUEST	30		Get all video games	1594212433366	1594212433368	OK	 
REQUEST	30		Get all video games	1594212433368	1594212433370	OK	 
REQUEST	38		Get Specific Game	1594212433376	1594212433378	OK	 
REQUEST	21		Get Specific Game	1594212433387	1594212433389	OK	 
REQUEST	13		Get all video games	1594212433397	1594212433399	OK	 
REQUEST	13		Get all video games	1594212433399	1594212433400	OK	 
REQUEST	47		Get all video games	1594212433863	1594212433865	OK	 
REQUEST	47		Get all video games	1594212433865	1594212433866	OK	 
REQUEST	39		Get Specific Game	1594212433883	1594212433885	OK	 
REQUEST	22		Get Specific Game	1594212433893	1594212433896	OK	 
REQUEST	14		Get all video games	1594212433893	1594212433897	OK	 
REQUEST	14		Get all video games	1594212433897	1594212433898	OK	 
REQUEST	56		Get Specific Game	1594212434367	1594212434370	OK	 
REQUEST	48		Get all video games	1594212434367	1594212434371	OK	 
REQUEST	40		Get Specific Game	1594212434368	1594212434372	OK	 
REQUEST	48		Get all video games	1594212434371	1594212434374	OK	 
REQUEST	31		Get all video games	1594212434385	1594212434387	OK	 
REQUEST	31		Get all video games	1594212434388	1594212434389	OK	 
REQUEST	23		Get Specific Game	1594212434397	1594212434399	OK	 
REQUEST	15		Get all video games	1594212434395	1594212434399	OK	 
REQUEST	15		Get all video games	1594212434400	1594212434402	OK	 
REQUEST	57		Get Specific Game	1594212434855	1594212434857	OK	 
REQUEST	49		Get all video games	1594212434865	1594212434867	OK	 
REQUEST	49		Get all video games	1594212434867	1594212434869	OK	 
REQUEST	24		Get Specific Game	1594212434876	1594212434878	OK	 
REQUEST	32		Get all video games	1594212434876	1594212434879	OK	 
REQUEST	32		Get all video games	1594212434879	1594212434881	OK	 
REQUEST	58		Get Specific Game	1594212435353	1594212435355	OK	 
REQUEST	50		Get all video games	1594212435363	1594212435366	OK	 
REQUEST	41		Get Specific Game	1594212435363	1594212435366	OK	 
REQUEST	50		Get all video games	1594212435366	1594212435369	OK	 
REQUEST	16		Get all video games	1594212435375	1594212435379	OK	 
REQUEST	33		Get all video games	1594212435375	1594212435379	OK	 
REQUEST	33		Get all video games	1594212435379	1594212435382	OK	 
REQUEST	16		Get all video games	1594212435379	1594212435384	OK	 
REQUEST	25		Get Specific Game	1594212435387	1594212435390	OK	 
REQUEST	42		Get Specific Game	1594212435866	1594212435870	OK	 
REQUEST	59		Get Specific Game	1594212435866	1594212435872	OK	 
REQUEST	34		Get all video games	1594212435874	1594212435877	OK	 
REQUEST	34		Get all video games	1594212435877	1594212435881	OK	 
REQUEST	17		Get all video games	1594212435885	1594212435888	OK	 
REQUEST	17		Get all video games	1594212435889	1594212435891	OK	 
REQUEST	51		Get all video games	1594212436357	1594212436359	OK	 
REQUEST	51		Get all video games	1594212436360	1594212436362	OK	 
REQUEST	60		Get Specific Game	1594212436368	1594212436370	OK	 
REQUEST	43		Get Specific Game	1594212436368	1594212436370	OK	 
REQUEST	26		Get Specific Game	1594212436373	1594212436375	OK	 
REQUEST	35		Get all video games	1594212436384	1594212436386	OK	 
REQUEST	35		Get all video games	1594212436386	1594212436389	OK	 
REQUEST	18		Get all video games	1594212436404	1594212436407	OK	 
REQUEST	18		Get all video games	1594212436408	1594212436409	OK	 
REQUEST	44		Get Specific Game	1594212436865	1594212436868	OK	 
REQUEST	52		Get all video games	1594212436865	1594212436869	OK	 
REQUEST	52		Get all video games	1594212436869	1594212436871	OK	 
REQUEST	27		Get Specific Game	1594212436886	1594212436889	OK	 
REQUEST	19		Get all video games	1594212436896	1594212436899	OK	 
REQUEST	19		Get all video games	1594212436899	1594212436902	OK	 
REQUEST	53		Get all video games	1594212437365	1594212437368	OK	 
REQUEST	53		Get all video games	1594212437369	1594212437371	OK	 
REQUEST	45		Get Specific Game	1594212437372	1594212437376	OK	 
REQUEST	36		Get all video games	1594212437373	1594212437376	OK	 
REQUEST	36		Get all video games	1594212437377	1594212437379	OK	 
REQUEST	20		Get all video games	1594212437393	1594212437397	OK	 
REQUEST	28		Get Specific Game	1594212437394	1594212437399	OK	 
REQUEST	20		Get all video games	1594212437398	1594212437401	OK	 
REQUEST	4		Get Specific Game	1594212437525	1594212437528	OK	 
REQUEST	8		Get Specific Game	1594212437587	1594212437589	OK	 
REQUEST	9		Get Specific Game	1594212437603	1594212437606	OK	 
REQUEST	10		Get Specific Game	1594212437635	1594212437637	OK	 
REQUEST	1		Get Specific Game	1594212437635	1594212437638	OK	 
REQUEST	5		Get Specific Game	1594212437635	1594212437639	OK	 
REQUEST	7		Get Specific Game	1594212437649	1594212437652	OK	 
REQUEST	11		Get Specific Game	1594212437656	1594212437659	OK	 
REQUEST	2		Get Specific Game	1594212437660	1594212437663	OK	 
REQUEST	3		Get Specific Game	1594212437664	1594212437667	OK	 
REQUEST	6		Get Specific Game	1594212437677	1594212437679	OK	 
REQUEST	54		Get all video games	1594212437863	1594212437864	OK	 
REQUEST	54		Get all video games	1594212437865	1594212437866	OK	 
REQUEST	37		Get all video games	1594212437883	1594212437885	OK	 
REQUEST	29		Get Specific Game	1594212437883	1594212437886	OK	 
REQUEST	37		Get all video games	1594212437886	1594212437887	OK	 
REQUEST	12		Get Specific Game	1594212437893	1594212437896	OK	 
REQUEST	55		Get all video games	1594212438363	1594212438365	OK	 
REQUEST	46		Get Specific Game	1594212438363	1594212438366	OK	 
REQUEST	55		Get all video games	1594212438366	1594212438367	OK	 
REQUEST	30		Get Specific Game	1594212438374	1594212438376	OK	 
REQUEST	38		Get all video games	1594212438384	1594212438386	OK	 
REQUEST	38		Get all video games	1594212438386	1594212438388	OK	 
REQUEST	21		Get all video games	1594212438394	1594212438396	OK	 
REQUEST	21		Get all video games	1594212438397	1594212438398	OK	 
REQUEST	13		Get Specific Game	1594212438404	1594212438406	OK	 
REQUEST	47		Get Specific Game	1594212438864	1594212438866	OK	 
REQUEST	39		Get all video games	1594212438874	1594212438876	OK	 
REQUEST	39		Get all video games	1594212438876	1594212438878	OK	 
REQUEST	14		Get Specific Game	1594212438894	1594212438897	OK	 
REQUEST	22		Get all video games	1594212438904	1594212438906	OK	 
REQUEST	22		Get all video games	1594212438907	1594212438908	OK	 
REQUEST	48		Get Specific Game	1594212439368	1594212439370	OK	 
REQUEST	56		Get all video games	1594212439373	1594212439375	OK	 
REQUEST	40		Get all video games	1594212439373	1594212439376	OK	 
REQUEST	56		Get all video games	1594212439375	1594212439378	OK	 
REQUEST	40		Get all video games	1594212439377	1594212439378	OK	 
REQUEST	15		Get Specific Game	1594212439383	1594212439385	OK	 
REQUEST	31		Get Specific Game	1594212439383	1594212439386	OK	 
REQUEST	23		Get all video games	1594212439383	1594212439387	OK	 
REQUEST	23		Get all video games	1594212439387	1594212439389	OK	 
REQUEST	49		Get Specific Game	1594212439863	1594212439865	OK	 
REQUEST	57		Get all video games	1594212439863	1594212439866	OK	 
REQUEST	57		Get all video games	1594212439866	1594212439869	OK	 
REQUEST	24		Get all video games	1594212439874	1594212439876	OK	 
REQUEST	32		Get Specific Game	1594212439874	1594212439877	OK	 
REQUEST	24		Get all video games	1594212439877	1594212439879	OK	 
REQUEST	58		Get all video games	1594212440367	1594212440370	OK	 
REQUEST	50		Get Specific Game	1594212440368	1594212440371	OK	 
REQUEST	58		Get all video games	1594212440371	1594212440372	OK	 
REQUEST	25		Get all video games	1594212440373	1594212440374	OK	 
REQUEST	41		Get all video games	1594212440373	1594212440375	OK	 
REQUEST	41		Get all video games	1594212440375	1594212440377	OK	 
REQUEST	25		Get all video games	1594212440375	1594212440377	OK	 
REQUEST	16		Get Specific Game	1594212440383	1594212440385	OK	 
REQUEST	33		Get Specific Game	1594212440383	1594212440386	OK	 
REQUEST	59		Get all video games	1594212440877	1594212440880	OK	 
REQUEST	42		Get all video games	1594212440877	1594212440880	OK	 
REQUEST	42		Get all video games	1594212440880	1594212440882	OK	 
REQUEST	59		Get all video games	1594212440880	1594212440884	OK	 
REQUEST	34		Get Specific Game	1594212440885	1594212440888	OK	 
REQUEST	17		Get Specific Game	1594212440895	1594212440897	OK	 
REQUEST	43		Get all video games	1594212441353	1594212441355	OK	 
REQUEST	43		Get all video games	1594212441355	1594212441356	OK	 
REQUEST	51		Get Specific Game	1594212441364	1594212441367	OK	 
REQUEST	60		Get all video games	1594212441364	1594212441368	OK	 
REQUEST	60		Get all video games	1594212441368	1594212441370	OK	 
REQUEST	35		Get Specific Game	1594212441384	1594212441386	OK	 
REQUEST	26		Get all video games	1594212441384	1594212441387	OK	 
REQUEST	26		Get all video games	1594212441387	1594212441389	OK	 
REQUEST	18		Get Specific Game	1594212441405	1594212441407	OK	 
REQUEST	52		Get Specific Game	1594212441865	1594212441868	OK	 
REQUEST	44		Get all video games	1594212441875	1594212441877	OK	 
REQUEST	44		Get all video games	1594212441878	1594212441880	OK	 
REQUEST	27		Get all video games	1594212441897	1594212441899	OK	 
REQUEST	27		Get all video games	1594212441900	1594212441901	OK	 
REQUEST	19		Get Specific Game	1594212441907	1594212441909	OK	 
REQUEST	53		Get Specific Game	1594212442356	1594212442358	OK	 
REQUEST	45		Get all video games	1594212442376	1594212442379	OK	 
REQUEST	36		Get Specific Game	1594212442376	1594212442380	OK	 
REQUEST	45		Get all video games	1594212442379	1594212442382	OK	 
REQUEST	20		Get Specific Game	1594212442387	1594212442388	OK	 
REQUEST	28		Get all video games	1594212442386	1594212442389	OK	 
REQUEST	28		Get all video games	1594212442389	1594212442390	OK	 
REQUEST	4		Get all video games	1594212442535	1594212442539	OK	 
REQUEST	4		Get all video games	1594212442540	1594212442542	OK	 
REQUEST	8		Get all video games	1594212442594	1594212442596	OK	 
REQUEST	8		Get all video games	1594212442597	1594212442599	OK	 
REQUEST	9		Get all video games	1594212442614	1594212442616	OK	 
REQUEST	9		Get all video games	1594212442616	1594212442618	OK	 
REQUEST	1		Get all video games	1594212442635	1594212442637	OK	 
REQUEST	1		Get all video games	1594212442637	1594212442639	OK	 
REQUEST	5		Get all video games	1594212442646	1594212442648	OK	 
REQUEST	5		Get all video games	1594212442649	1594212442650	OK	 
REQUEST	10		Get all video games	1594212442657	1594212442660	OK	 
REQUEST	2		Get all video games	1594212442659	1594212442661	OK	 
REQUEST	11		Get all video games	1594212442657	1594212442661	OK	 
REQUEST	11		Get all video games	1594212442662	1594212442663	OK	 
REQUEST	10		Get all video games	1594212442660	1594212442664	OK	 
REQUEST	2		Get all video games	1594212442662	1594212442666	OK	 
REQUEST	3		Get all video games	1594212442667	1594212442669	OK	 
REQUEST	3		Get all video games	1594212442669	1594212442672	OK	 
REQUEST	7		Get all video games	1594212442673	1594212442677	OK	 
REQUEST	7		Get all video games	1594212442680	1594212442689	OK	 
REQUEST	6		Get all video games	1594212442711	1594212442724	OK	 
REQUEST	6		Get all video games	1594212442725	1594212442734	OK	 
REQUEST	54		Get Specific Game	1594212442854	1594212442857	OK	 
REQUEST	29		Get all video games	1594212442875	1594212442877	OK	 
REQUEST	29		Get all video games	1594212442878	1594212442881	OK	 
REQUEST	37		Get Specific Game	1594212442875	1594212442884	OK	 
REQUEST	12		Get all video games	1594212442893	1594212442896	OK	 
REQUEST	12		Get all video games	1594212442896	1594212442899	OK	 
REQUEST	55		Get Specific Game	1594212443375	1594212443377	OK	 
REQUEST	46		Get all video games	1594212443378	1594212443380	OK	 
REQUEST	46		Get all video games	1594212443380	1594212443382	OK	 
REQUEST	30		Get all video games	1594212443383	1594212443385	OK	 
REQUEST	30		Get all video games	1594212443385	1594212443388	OK	 
REQUEST	38		Get Specific Game	1594212443409	1594212443411	OK	 
REQUEST	21		Get Specific Game	1594212443410	1594212443411	OK	 
REQUEST	13		Get all video games	1594212443416	1594212443419	OK	 
REQUEST	13		Get all video games	1594212443419	1594212443421	OK	 
REQUEST	47		Get all video games	1594212443873	1594212443875	OK	 
REQUEST	47		Get all video games	1594212443876	1594212443878	OK	 
REQUEST	39		Get Specific Game	1594212443883	1594212443885	OK	 
REQUEST	14		Get all video games	1594212443908	1594212443913	OK	 
REQUEST	14		Get all video games	1594212443913	1594212443915	OK	 
REQUEST	22		Get Specific Game	1594212443916	1594212443918	OK	 
REQUEST	48		Get all video games	1594212444353	1594212444354	OK	 
REQUEST	48		Get all video games	1594212444355	1594212444356	OK	 
REQUEST	56		Get Specific Game	1594212444373	1594212444375	OK	 
REQUEST	40		Get Specific Game	1594212444383	1594212444385	OK	 
REQUEST	31		Get all video games	1594212444394	1594212444396	OK	 
REQUEST	31		Get all video games	1594212444397	1594212444398	OK	 
REQUEST	15		Get all video games	1594212444404	1594212444407	OK	 
REQUEST	23		Get Specific Game	1594212444406	1594212444409	OK	 
REQUEST	15		Get all video games	1594212444408	1594212444411	OK	 
REQUEST	57		Get Specific Game	1594212444868	1594212444872	OK	 
REQUEST	49		Get all video games	1594212444875	1594212444878	OK	 
REQUEST	49		Get all video games	1594212444878	1594212444881	OK	 
REQUEST	32		Get all video games	1594212444885	1594212444888	OK	 
REQUEST	32		Get all video games	1594212444889	1594212444891	OK	 
REQUEST	24		Get Specific Game	1594212444893	1594212444896	OK	 
REQUEST	50		Get all video games	1594212445354	1594212445356	OK	 
REQUEST	50		Get all video games	1594212445356	1594212445358	OK	 
REQUEST	41		Get Specific Game	1594212445364	1594212445366	OK	 
REQUEST	58		Get Specific Game	1594212445364	1594212445366	OK	 
REQUEST	33		Get all video games	1594212445384	1594212445386	OK	 
REQUEST	25		Get Specific Game	1594212445384	1594212445387	OK	 
REQUEST	33		Get all video games	1594212445386	1594212445388	OK	 
REQUEST	16		Get all video games	1594212445394	1594212445396	OK	 
REQUEST	16		Get all video games	1594212445396	1594212445397	OK	 
REQUEST	42		Get Specific Game	1594212445873	1594212445875	OK	 
REQUEST	59		Get Specific Game	1594212445883	1594212445886	OK	 
REQUEST	34		Get all video games	1594212445894	1594212445896	OK	 
REQUEST	34		Get all video games	1594212445897	1594212445898	OK	 
REQUEST	17		Get all video games	1594212445904	1594212445911	OK	 
REQUEST	17		Get all video games	1594212445912	1594212445914	OK	 
REQUEST	43		Get Specific Game	1594212446373	1594212446375	OK	 
REQUEST	51		Get all video games	1594212446373	1594212446376	OK	 
REQUEST	51		Get all video games	1594212446376	1594212446377	OK	 
REQUEST	26		Get Specific Game	1594212446384	1594212446387	OK	 
REQUEST	60		Get Specific Game	1594212446384	1594212446387	OK	 
REQUEST	35		Get all video games	1594212446396	1594212446398	OK	 
REQUEST	35		Get all video games	1594212446399	1594212446400	OK	 
REQUEST	18		Get all video games	1594212446407	1594212446410	OK	 
REQUEST	18		Get all video games	1594212446410	1594212446412	OK	 
REQUEST	52		Get all video games	1594212446886	1594212446889	OK	 
REQUEST	52		Get all video games	1594212446889	1594212446891	OK	 
REQUEST	44		Get Specific Game	1594212446901	1594212446920	OK	 
REQUEST	27		Get Specific Game	1594212446928	1594212446931	OK	 
REQUEST	19		Get all video games	1594212446932	1594212446942	OK	 
REQUEST	19		Get all video games	1594212446942	1594212446944	OK	 
REQUEST	45		Get Specific Game	1594212447380	1594212447383	OK	 
REQUEST	53		Get all video games	1594212447380	1594212447383	OK	 
REQUEST	53		Get all video games	1594212447383	1594212447385	OK	 
REQUEST	36		Get all video games	1594212447383	1594212447386	OK	 
REQUEST	36		Get all video games	1594212447387	1594212447388	OK	 
REQUEST	28		Get Specific Game	1594212447398	1594212447401	OK	 
REQUEST	20		Get all video games	1594212447403	1594212447404	OK	 
REQUEST	20		Get all video games	1594212447405	1594212447407	OK	 
REQUEST	4		Get Specific Game	1594212447535	1594212447540	OK	 
REQUEST	8		Get Specific Game	1594212447601	1594212447603	OK	 
REQUEST	9		Get Specific Game	1594212447626	1594212447630	OK	 
REQUEST	1		Get Specific Game	1594212447633	1594212447634	OK	 
REQUEST	6		Get Specific Game	1594212447683	1594212447685	OK	 
REQUEST	7		Get Specific Game	1594212447704	1594212447706	OK	 
REQUEST	10		Get Specific Game	1594212447726	1594212447728	OK	 
REQUEST	11		Get Specific Game	1594212447726	1594212447729	OK	 
REQUEST	5		Get Specific Game	1594212447726	1594212447729	OK	 
REQUEST	3		Get Specific Game	1594212447729	1594212447731	OK	 
REQUEST	2		Get Specific Game	1594212447733	1594212447734	OK	 
REQUEST	54		Get all video games	1594212447876	1594212447878	OK	 
REQUEST	54		Get all video games	1594212447878	1594212447880	OK	 
REQUEST	37		Get all video games	1594212447897	1594212447900	OK	 
REQUEST	29		Get Specific Game	1594212447897	1594212447901	OK	 
REQUEST	37		Get all video games	1594212447900	1594212447902	OK	 
REQUEST	12		Get Specific Game	1594212447903	1594212447904	OK	 
REQUEST	55		Get all video games	1594212448363	1594212448365	OK	 
REQUEST	55		Get all video games	1594212448365	1594212448366	OK	 
REQUEST	46		Get Specific Game	1594212448373	1594212448376	OK	 
REQUEST	30		Get Specific Game	1594212448373	1594212448376	OK	 
REQUEST	38		Get all video games	1594212448383	1594212448385	OK	 
REQUEST	38		Get all video games	1594212448385	1594212448387	OK	 
REQUEST	21		Get all video games	1594212448394	1594212448395	OK	 
REQUEST	21		Get all video games	1594212448396	1594212448398	OK	 
REQUEST	13		Get Specific Game	1594212448415	1594212448417	OK	 
REQUEST	47		Get Specific Game	1594212448873	1594212448876	OK	 
REQUEST	39		Get all video games	1594212448893	1594212448895	OK	 
REQUEST	39		Get all video games	1594212448896	1594212448897	OK	 
REQUEST	14		Get Specific Game	1594212448903	1594212448905	OK	 
REQUEST	22		Get all video games	1594212448913	1594212448915	OK	 
REQUEST	22		Get all video games	1594212448916	1594212448917	OK	 
REQUEST	48		Get Specific Game	1594212449365	1594212449366	OK	 
REQUEST	40		Get all video games	1594212449386	1594212449388	OK	 
REQUEST	56		Get all video games	1594212449386	1594212449389	OK	 
REQUEST	56		Get all video games	1594212449389	1594212449391	OK	 
REQUEST	40		Get all video games	1594212449388	1594212449392	OK	 
REQUEST	23		Get all video games	1594212449396	1594212449398	OK	 
REQUEST	15		Get Specific Game	1594212449396	1594212449399	OK	 
REQUEST	31		Get Specific Game	1594212449396	1594212449400	OK	 
REQUEST	23		Get all video games	1594212449398	1594212449400	OK	 
REQUEST	57		Get all video games	1594212449853	1594212449855	OK	 
REQUEST	57		Get all video games	1594212449855	1594212449857	OK	 
REQUEST	49		Get Specific Game	1594212449863	1594212449865	OK	 
REQUEST	32		Get Specific Game	1594212449873	1594212449875	OK	 
REQUEST	24		Get all video games	1594212449884	1594212449886	OK	 
REQUEST	24		Get all video games	1594212449886	1594212449888	OK	 
REQUEST	58		Get all video games	1594212450365	1594212450367	OK	 
REQUEST	58		Get all video games	1594212450368	1594212450369	OK	 
REQUEST	50		Get Specific Game	1594212450375	1594212450377	OK	 
REQUEST	41		Get all video games	1594212450386	1594212450387	OK	 
REQUEST	41		Get all video games	1594212450388	1594212450390	OK	 
REQUEST	33		Get Specific Game	1594212450397	1594212450399	OK	 
REQUEST	25		Get all video games	1594212450397	1594212450401	OK	 
REQUEST	25		Get all video games	1594212450405	1594212450410	OK	 
REQUEST	16		Get Specific Game	1594212450410	1594212450417	OK	 
REQUEST	42		Get all video games	1594212450885	1594212450887	OK	 
REQUEST	42		Get all video games	1594212450887	1594212450890	OK	 
REQUEST	59		Get all video games	1594212450895	1594212450897	OK	 
REQUEST	34		Get Specific Game	1594212450895	1594212450897	OK	 
REQUEST	59		Get all video games	1594212450898	1594212450900	OK	 
REQUEST	17		Get Specific Game	1594212450915	1594212450917	OK	 
REQUEST	43		Get all video games	1594212451377	1594212451378	OK	 
REQUEST	43		Get all video games	1594212451379	1594212451381	OK	 
REQUEST	51		Get Specific Game	1594212451388	1594212451390	OK	 
REQUEST	60		Get all video games	1594212451391	1594212451394	OK	 
REQUEST	60		Get all video games	1594212451394	1594212451396	OK	 
REQUEST	26		Get all video games	1594212451397	1594212451399	OK	 
REQUEST	35		Get Specific Game	1594212451397	1594212451399	OK	 
REQUEST	26		Get all video games	1594212451399	1594212451400	OK	 
REQUEST	18		Get Specific Game	1594212451407	1594212451408	OK	 
REQUEST	27		Get all video games	1594212451903	1594212451904	OK	 
REQUEST	27		Get all video games	1594212451904	1594212451906	OK	 
REQUEST	44		Get all video games	1594212451913	1594212451915	OK	 
REQUEST	44		Get all video games	1594212451916	1594212451918	OK	 
REQUEST	19		Get Specific Game	1594212451919	1594212451921	OK	 
REQUEST	52		Get Specific Game	1594212451923	1594212451925	OK	 
REQUEST	45		Get all video games	1594212452375	1594212452377	OK	 
REQUEST	45		Get all video games	1594212452377	1594212452378	OK	 
REQUEST	53		Get Specific Game	1594212452386	1594212452389	OK	 
REQUEST	36		Get Specific Game	1594212452390	1594212452392	OK	 
REQUEST	28		Get all video games	1594212452394	1594212452397	OK	 
REQUEST	28		Get all video games	1594212452397	1594212452399	OK	 
REQUEST	20		Get Specific Game	1594212452398	1594212452401	OK	 
REQUEST	4		Get all video games	1594212452527	1594212452529	OK	 
REQUEST	4		Get all video games	1594212452529	1594212452531	OK	 
REQUEST	8		Get all video games	1594212452593	1594212452594	OK	 
REQUEST	8		Get all video games	1594212452595	1594212452597	OK	 
REQUEST	9		Get all video games	1594212452614	1594212452617	OK	 
REQUEST	9		Get all video games	1594212452617	1594212452619	OK	 
REQUEST	1		Get all video games	1594212452646	1594212452649	OK	 
REQUEST	1		Get all video games	1594212452649	1594212452653	OK	 
REQUEST	5		Get all video games	1594212452654	1594212452659	OK	 
REQUEST	5		Get all video games	1594212452659	1594212452663	OK	 
REQUEST	10		Get all video games	1594212452665	1594212452668	OK	 
REQUEST	10		Get all video games	1594212452670	1594212452672	OK	 
REQUEST	11		Get all video games	1594212452674	1594212452677	OK	 
REQUEST	11		Get all video games	1594212452678	1594212452681	OK	 
REQUEST	3		Get all video games	1594212452682	1594212452684	OK	 
REQUEST	3		Get all video games	1594212452685	1594212452687	OK	 
REQUEST	2		Get all video games	1594212452684	1594212452688	OK	 
REQUEST	2		Get all video games	1594212452688	1594212452690	OK	 
REQUEST	7		Get all video games	1594212452691	1594212452693	OK	 
REQUEST	7		Get all video games	1594212452694	1594212452695	OK	 
REQUEST	6		Get all video games	1594212452704	1594212452706	OK	 
REQUEST	6		Get all video games	1594212452706	1594212452709	OK	 
REQUEST	54		Get Specific Game	1594212452873	1594212452874	OK	 
REQUEST	29		Get all video games	1594212452883	1594212452886	OK	 
REQUEST	29		Get all video games	1594212452886	1594212452888	OK	 
REQUEST	37		Get Specific Game	1594212452883	1594212452889	OK	 
REQUEST	12		Get all video games	1594212452915	1594212452917	OK	 
REQUEST	12		Get all video games	1594212452918	1594212452920	OK	 
REQUEST	55		Get Specific Game	1594212453373	1594212453376	OK	 
REQUEST	46		Get all video games	1594212453383	1594212453385	OK	 
REQUEST	30		Get all video games	1594212453383	1594212453386	OK	 
REQUEST	30		Get all video games	1594212453386	1594212453388	OK	 
REQUEST	46		Get all video games	1594212453386	1594212453390	OK	 
REQUEST	38		Get Specific Game	1594212453403	1594212453406	OK	 
REQUEST	21		Get Specific Game	1594212453404	1594212453408	OK	 
REQUEST	13		Get all video games	1594212453408	1594212453411	OK	 
REQUEST	13		Get all video games	1594212453411	1594212453412	OK	 
REQUEST	47		Get all video games	1594212453886	1594212453888	OK	 
REQUEST	47		Get all video games	1594212453888	1594212453889	OK	 
REQUEST	39		Get Specific Game	1594212453896	1594212453899	OK	 
REQUEST	22		Get Specific Game	1594212453917	1594212453920	OK	 
REQUEST	14		Get all video games	1594212453917	1594212453922	OK	 
REQUEST	14		Get all video games	1594212453922	1594212453924	OK	 
REQUEST	48		Get all video games	1594212454376	1594212454377	OK	 
REQUEST	48		Get all video games	1594212454378	1594212454380	OK	 
REQUEST	40		Get Specific Game	1594212454386	1594212454388	OK	 
REQUEST	56		Get Specific Game	1594212454386	1594212454388	OK	 
REQUEST	31		Get all video games	1594212454396	1594212454398	OK	 
REQUEST	31		Get all video games	1594212454398	1594212454400	OK	 
REQUEST	23		Get Specific Game	1594212454406	1594212454408	OK	 
REQUEST	15		Get all video games	1594212454416	1594212454418	OK	 
REQUEST	15		Get all video games	1594212454418	1594212454420	OK	 
REQUEST	57		Get Specific Game	1594212454877	1594212454879	OK	 
REQUEST	49		Get all video games	1594212454888	1594212454890	OK	 
REQUEST	49		Get all video games	1594212454890	1594212454893	OK	 
REQUEST	24		Get Specific Game	1594212454895	1594212454897	OK	 
REQUEST	32		Get all video games	1594212454895	1594212454899	OK	 
REQUEST	32		Get all video games	1594212454900	1594212454901	OK	 
REQUEST	58		Get Specific Game	1594212455376	1594212455378	OK	 
REQUEST	50		Get all video games	1594212455386	1594212455388	OK	 
REQUEST	41		Get Specific Game	1594212455386	1594212455389	OK	 
REQUEST	50		Get all video games	1594212455388	1594212455390	OK	 
REQUEST	16		Get all video games	1594212455408	1594212455410	OK	 
REQUEST	16		Get all video games	1594212455410	1594212455412	OK	 
REQUEST	25		Get Specific Game	1594212455413	1594212455414	OK	 
REQUEST	33		Get all video games	1594212455413	1594212455415	OK	 
REQUEST	33		Get all video games	1594212455415	1594212455416	OK	 
REQUEST	42		Get Specific Game	1594212455888	1594212455890	OK	 
REQUEST	59		Get Specific Game	1594212455893	1594212455895	OK	 
REQUEST	34		Get all video games	1594212455903	1594212455904	OK	 
REQUEST	34		Get all video games	1594212455905	1594212455906	OK	 
REQUEST	17		Get all video games	1594212455916	1594212455917	OK	 
REQUEST	17		Get all video games	1594212455918	1594212455919	OK	 
REQUEST	43		Get Specific Game	1594212456383	1594212456385	OK	 
REQUEST	51		Get all video games	1594212456383	1594212456388	OK	 
REQUEST	51		Get all video games	1594212456388	1594212456390	OK	 
REQUEST	60		Get Specific Game	1594212456383	1594212456391	OK	 
REQUEST	35		Get all video games	1594212456394	1594212456397	OK	 
REQUEST	35		Get all video games	1594212456397	1594212456399	OK	 
REQUEST	26		Get Specific Game	1594212456400	1594212456402	OK	 
REQUEST	18		Get all video games	1594212456413	1594212456414	OK	 
REQUEST	18		Get all video games	1594212456415	1594212456416	OK	 
REQUEST	52		Get all video games	1594212456878	1594212456879	OK	 
REQUEST	52		Get all video games	1594212456880	1594212456881	OK	 
REQUEST	44		Get Specific Game	1594212456888	1594212456889	OK	 
REQUEST	27		Get Specific Game	1594212456903	1594212456904	OK	 
REQUEST	19		Get all video games	1594212456913	1594212456914	OK	 
REQUEST	19		Get all video games	1594212456915	1594212456916	OK	 
