RUN	test.scala.Simulation.RampUsersLoadSimulation	rampusersloadsimulation	1594210032418	 	3.3.1
USER	Basic Load Simulation	1	START	1594210039556	1594210039556
REQUEST	1		Get all video games	1594210039627	1594210039707	OK	 
USER	Basic Load Simulation	2	START	1594210040558	1594210040558
REQUEST	2		Get all video games	1594210040558	1594210040579	OK	 
USER	Basic Load Simulation	3	START	1594210041546	1594210041546
REQUEST	3		Get all video games	1594210041547	1594210041556	OK	 
USER	Basic Load Simulation	4	START	1594210042557	1594210042557
REQUEST	4		Get all video games	1594210042562	1594210042571	OK	 
USER	Basic Load Simulation	5	START	1594210043058	1594210043058
REQUEST	5		Get all video games	1594210043059	1594210043069	OK	 
USER	Basic Load Simulation	6	START	1594210043556	1594210043556
REQUEST	6		Get all video games	1594210043557	1594210043562	OK	 
USER	Basic Load Simulation	7	START	1594210044056	1594210044056
REQUEST	7		Get all video games	1594210044057	1594210044064	OK	 
USER	Basic Load Simulation	8	START	1594210044557	1594210044557
REQUEST	8		Get all video games	1594210044558	1594210044567	OK	 
REQUEST	1		Get Specific Game	1594210044737	1594210044743	OK	 
USER	Basic Load Simulation	9	START	1594210045057	1594210045057
REQUEST	9		Get all video games	1594210045058	1594210045066	OK	 
USER	Basic Load Simulation	10	START	1594210045558	1594210045558
REQUEST	10		Get all video games	1594210045560	1594210045567	OK	 
REQUEST	2		Get Specific Game	1594210045590	1594210045596	OK	 
USER	Basic Load Simulation	11	START	1594210046059	1594210046059
REQUEST	11		Get all video games	1594210046060	1594210046067	OK	 
USER	Basic Load Simulation	12	START	1594210046557	1594210046557
REQUEST	12		Get all video games	1594210046558	1594210046563	OK	 
REQUEST	3		Get Specific Game	1594210046568	1594210046570	OK	 
USER	Basic Load Simulation	13	START	1594210046897	1594210046897
REQUEST	13		Get all video games	1594210046898	1594210046903	OK	 
USER	Basic Load Simulation	14	START	1594210047228	1594210047228
REQUEST	14		Get all video games	1594210047229	1594210047234	OK	 
USER	Basic Load Simulation	15	START	1594210047557	1594210047557
REQUEST	15		Get all video games	1594210047558	1594210047563	OK	 
REQUEST	4		Get Specific Game	1594210047589	1594210047593	OK	 
USER	Basic Load Simulation	16	START	1594210047896	1594210047896
REQUEST	16		Get all video games	1594210047896	1594210047902	OK	 
REQUEST	5		Get Specific Game	1594210048075	1594210048078	OK	 
USER	Basic Load Simulation	17	START	1594210048224	1594210048224
REQUEST	17		Get all video games	1594210048225	1594210048234	OK	 
USER	Basic Load Simulation	18	START	1594210048557	1594210048557
REQUEST	18		Get all video games	1594210048558	1594210048563	OK	 
REQUEST	6		Get Specific Game	1594210048578	1594210048582	OK	 
USER	Basic Load Simulation	19	START	1594210048885	1594210048885
REQUEST	19		Get all video games	1594210048886	1594210048892	OK	 
REQUEST	7		Get Specific Game	1594210049075	1594210049078	OK	 
USER	Basic Load Simulation	20	START	1594210049219	1594210049219
REQUEST	20		Get all video games	1594210049220	1594210049227	OK	 
USER	Basic Load Simulation	21	START	1594210049548	1594210049548
REQUEST	21		Get all video games	1594210049549	1594210049559	OK	 
REQUEST	8		Get Specific Game	1594210049574	1594210049578	OK	 
REQUEST	1		Get all video games	1594210049738	1594210049741	OK	 
USER	Basic Load Simulation	1	END	1594210039556	1594210049749
USER	Basic Load Simulation	22	START	1594210049889	1594210049889
REQUEST	22		Get all video games	1594210049890	1594210049894	OK	 
REQUEST	9		Get Specific Game	1594210050089	1594210050092	OK	 
USER	Basic Load Simulation	23	START	1594210050218	1594210050218
REQUEST	23		Get all video games	1594210050219	1594210050223	OK	 
USER	Basic Load Simulation	24	START	1594210050554	1594210050554
REQUEST	24		Get all video games	1594210050555	1594210050559	OK	 
REQUEST	10		Get Specific Game	1594210050575	1594210050582	OK	 
REQUEST	2		Get all video games	1594210050586	1594210050589	OK	 
USER	Basic Load Simulation	2	END	1594210040558	1594210050592
USER	Basic Load Simulation	25	START	1594210050889	1594210050889
REQUEST	25		Get all video games	1594210050889	1594210050895	OK	 
REQUEST	11		Get Specific Game	1594210051077	1594210051080	OK	 
USER	Basic Load Simulation	26	START	1594210051218	1594210051218
REQUEST	26		Get all video games	1594210051220	1594210051226	OK	 
USER	Basic Load Simulation	27	START	1594210051555	1594210051555
REQUEST	27		Get all video games	1594210051556	1594210051560	OK	 
REQUEST	12		Get Specific Game	1594210051576	1594210051581	OK	 
REQUEST	3		Get all video games	1594210051576	1594210051582	OK	 
USER	Basic Load Simulation	3	END	1594210041546	1594210051583
USER	Basic Load Simulation	28	START	1594210051894	1594210051894
REQUEST	28		Get all video games	1594210051895	1594210051900	OK	 
REQUEST	13		Get Specific Game	1594210051916	1594210051918	OK	 
USER	Basic Load Simulation	29	START	1594210052227	1594210052227
REQUEST	29		Get all video games	1594210052228	1594210052233	OK	 
REQUEST	14		Get Specific Game	1594210052249	1594210052255	OK	 
USER	Basic Load Simulation	30	START	1594210052554	1594210052554
REQUEST	30		Get all video games	1594210052555	1594210052560	OK	 
REQUEST	15		Get Specific Game	1594210052575	1594210052578	OK	 
REQUEST	4		Get all video games	1594210052596	1594210052599	OK	 
USER	Basic Load Simulation	4	END	1594210042557	1594210052600
USER	Basic Load Simulation	31	START	1594210052804	1594210052804
REQUEST	31		Get all video games	1594210052805	1594210052810	OK	 
REQUEST	16		Get Specific Game	1594210052917	1594210052921	OK	 
USER	Basic Load Simulation	32	START	1594210053057	1594210053057
REQUEST	32		Get all video games	1594210053058	1594210053065	OK	 
REQUEST	5		Get all video games	1594210053098	1594210053101	OK	 
USER	Basic Load Simulation	5	END	1594210043058	1594210053102
REQUEST	17		Get Specific Game	1594210053246	1594210053251	OK	 
USER	Basic Load Simulation	33	START	1594210053304	1594210053304
REQUEST	33		Get all video games	1594210053305	1594210053309	OK	 
USER	Basic Load Simulation	34	START	1594210053556	1594210053556
REQUEST	34		Get all video games	1594210053557	1594210053567	OK	 
REQUEST	6		Get all video games	1594210053577	1594210053581	OK	 
REQUEST	18		Get Specific Game	1594210053577	1594210053583	OK	 
USER	Basic Load Simulation	6	END	1594210043556	1594210053582
USER	Basic Load Simulation	35	START	1594210053796	1594210053796
REQUEST	35		Get all video games	1594210053797	1594210053801	OK	 
REQUEST	19		Get Specific Game	1594210053910	1594210053913	OK	 
USER	Basic Load Simulation	36	START	1594210054045	1594210054045
REQUEST	36		Get all video games	1594210054046	1594210054054	OK	 
REQUEST	7		Get all video games	1594210054078	1594210054082	OK	 
USER	Basic Load Simulation	7	END	1594210044056	1594210054082
REQUEST	20		Get Specific Game	1594210054248	1594210054251	OK	 
USER	Basic Load Simulation	37	START	1594210054299	1594210054299
REQUEST	37		Get all video games	1594210054301	1594210054306	OK	 
USER	Basic Load Simulation	38	START	1594210054549	1594210054549
REQUEST	38		Get all video games	1594210054550	1594210054555	OK	 
REQUEST	21		Get Specific Game	1594210054570	1594210054573	OK	 
REQUEST	8		Get all video games	1594210054595	1594210054599	OK	 
USER	Basic Load Simulation	8	END	1594210044557	1594210054600
USER	Basic Load Simulation	39	START	1594210054815	1594210054815
REQUEST	39		Get all video games	1594210054816	1594210054822	OK	 
REQUEST	22		Get Specific Game	1594210054911	1594210054914	OK	 
USER	Basic Load Simulation	40	START	1594210055065	1594210055065
REQUEST	40		Get all video games	1594210055066	1594210055071	OK	 
REQUEST	9		Get all video games	1594210055086	1594210055092	OK	 
USER	Basic Load Simulation	9	END	1594210045057	1594210055094
REQUEST	23		Get Specific Game	1594210055238	1594210055241	OK	 
USER	Basic Load Simulation	41	START	1594210055315	1594210055315
REQUEST	41		Get all video games	1594210055316	1594210055335	OK	 
USER	Basic Load Simulation	42	START	1594210055566	1594210055566
REQUEST	42		Get all video games	1594210055567	1594210055572	OK	 
REQUEST	24		Get Specific Game	1594210055577	1594210055580	OK	 
REQUEST	10		Get all video games	1594210055598	1594210055600	OK	 
USER	Basic Load Simulation	10	END	1594210045558	1594210055601
USER	Basic Load Simulation	43	START	1594210055807	1594210055807
REQUEST	43		Get all video games	1594210055808	1594210055813	OK	 
REQUEST	25		Get Specific Game	1594210055908	1594210055912	OK	 
USER	Basic Load Simulation	44	START	1594210056054	1594210056054
REQUEST	44		Get all video games	1594210056055	1594210056059	OK	 
REQUEST	11		Get all video games	1594210056097	1594210056101	OK	 
USER	Basic Load Simulation	11	END	1594210046059	1594210056102
REQUEST	26		Get Specific Game	1594210056235	1594210056238	OK	 
USER	Basic Load Simulation	45	START	1594210056307	1594210056307
REQUEST	45		Get all video games	1594210056308	1594210056312	OK	 
USER	Basic Load Simulation	46	START	1594210056554	1594210056554
REQUEST	46		Get all video games	1594210056555	1594210056560	OK	 
REQUEST	27		Get Specific Game	1594210056576	1594210056579	OK	 
REQUEST	12		Get all video games	1594210056589	1594210056592	OK	 
USER	Basic Load Simulation	12	END	1594210046557	1594210056593
USER	Basic Load Simulation	47	START	1594210056759	1594210056759
REQUEST	47		Get all video games	1594210056761	1594210056769	OK	 
REQUEST	28		Get Specific Game	1594210056918	1594210056921	OK	 
REQUEST	13		Get all video games	1594210056929	1594210056932	OK	 
USER	Basic Load Simulation	13	END	1594210046897	1594210056933
USER	Basic Load Simulation	48	START	1594210056955	1594210056955
REQUEST	48		Get all video games	1594210056956	1594210056964	OK	 
USER	Basic Load Simulation	49	START	1594210057154	1594210057154
REQUEST	49		Get all video games	1594210057155	1594210057162	OK	 
REQUEST	29		Get Specific Game	1594210057250	1594210057256	OK	 
REQUEST	14		Get all video games	1594210057258	1594210057263	OK	 
USER	Basic Load Simulation	14	END	1594210047228	1594210057263
USER	Basic Load Simulation	50	START	1594210057355	1594210057355
REQUEST	50		Get all video games	1594210057356	1594210057361	OK	 
USER	Basic Load Simulation	51	START	1594210057558	1594210057558
REQUEST	51		Get all video games	1594210057559	1594210057565	OK	 
REQUEST	30		Get Specific Game	1594210057575	1594210057579	OK	 
REQUEST	15		Get all video games	1594210057587	1594210057590	OK	 
USER	Basic Load Simulation	15	END	1594210047557	1594210057591
USER	Basic Load Simulation	52	START	1594210057758	1594210057758
REQUEST	52		Get all video games	1594210057759	1594210057766	OK	 
REQUEST	31		Get Specific Game	1594210057820	1594210057823	OK	 
REQUEST	16		Get all video games	1594210057927	1594210057930	OK	 
USER	Basic Load Simulation	16	END	1594210047896	1594210057931
USER	Basic Load Simulation	53	START	1594210057960	1594210057960
REQUEST	53		Get all video games	1594210057961	1594210057968	OK	 
REQUEST	32		Get Specific Game	1594210058080	1594210058083	OK	 
USER	Basic Load Simulation	54	START	1594210058157	1594210058157
REQUEST	54		Get all video games	1594210058158	1594210058163	OK	 
REQUEST	17		Get all video games	1594210058254	1594210058257	OK	 
USER	Basic Load Simulation	17	END	1594210048224	1594210058258
REQUEST	33		Get Specific Game	1594210058318	1594210058320	OK	 
USER	Basic Load Simulation	55	START	1594210058354	1594210058354
REQUEST	55		Get all video games	1594210058355	1594210058360	OK	 
USER	Basic Load Simulation	56	START	1594210058559	1594210058559
REQUEST	56		Get all video games	1594210058560	1594210058564	OK	 
REQUEST	18		Get all video games	1594210058575	1594210058581	OK	 
USER	Basic Load Simulation	18	END	1594210048557	1594210058583
REQUEST	34		Get Specific Game	1594210058584	1594210058589	OK	 
USER	Basic Load Simulation	57	START	1594210058754	1594210058754
REQUEST	57		Get all video games	1594210058755	1594210058760	OK	 
REQUEST	35		Get Specific Game	1594210058818	1594210058821	OK	 
REQUEST	19		Get all video games	1594210058915	1594210058918	OK	 
USER	Basic Load Simulation	19	END	1594210048885	1594210058919
USER	Basic Load Simulation	58	START	1594210058956	1594210058956
REQUEST	58		Get all video games	1594210058957	1594210058962	OK	 
REQUEST	36		Get Specific Game	1594210059064	1594210059068	OK	 
USER	Basic Load Simulation	59	START	1594210059155	1594210059155
REQUEST	59		Get all video games	1594210059155	1594210059161	OK	 
REQUEST	20		Get all video games	1594210059246	1594210059248	OK	 
USER	Basic Load Simulation	20	END	1594210049219	1594210059249
REQUEST	37		Get Specific Game	1594210059328	1594210059330	OK	 
USER	Basic Load Simulation	60	START	1594210059354	1594210059354
REQUEST	60		Get all video games	1594210059355	1594210059358	OK	 
REQUEST	21		Get all video games	1594210059569	1594210059571	OK	 
REQUEST	38		Get Specific Game	1594210059568	1594210059572	OK	 
USER	Basic Load Simulation	21	END	1594210049548	1594210059572
REQUEST	39		Get Specific Game	1594210059838	1594210059841	OK	 
REQUEST	22		Get all video games	1594210059907	1594210059910	OK	 
USER	Basic Load Simulation	22	END	1594210049889	1594210059911
REQUEST	40		Get Specific Game	1594210060087	1594210060089	OK	 
REQUEST	23		Get all video games	1594210060244	1594210060247	OK	 
USER	Basic Load Simulation	23	END	1594210050218	1594210060248
REQUEST	41		Get Specific Game	1594210060344	1594210060348	OK	 
REQUEST	24		Get all video games	1594210060585	1594210060589	OK	 
REQUEST	42		Get Specific Game	1594210060585	1594210060590	OK	 
USER	Basic Load Simulation	24	END	1594210050554	1594210060591
REQUEST	43		Get Specific Game	1594210060825	1594210060828	OK	 
REQUEST	25		Get all video games	1594210060918	1594210060922	OK	 
USER	Basic Load Simulation	25	END	1594210050889	1594210060923
REQUEST	44		Get Specific Game	1594210061076	1594210061080	OK	 
REQUEST	26		Get all video games	1594210061258	1594210061260	OK	 
USER	Basic Load Simulation	26	END	1594210051218	1594210061261
REQUEST	45		Get Specific Game	1594210061329	1594210061335	OK	 
REQUEST	46		Get Specific Game	1594210061576	1594210061579	OK	 
REQUEST	27		Get all video games	1594210061586	1594210061589	OK	 
USER	Basic Load Simulation	27	END	1594210051555	1594210061589
REQUEST	47		Get Specific Game	1594210061777	1594210061779	OK	 
REQUEST	28		Get all video games	1594210061924	1594210061927	OK	 
USER	Basic Load Simulation	28	END	1594210051894	1594210061928
REQUEST	48		Get Specific Game	1594210061974	1594210061978	OK	 
REQUEST	49		Get Specific Game	1594210062177	1594210062180	OK	 
REQUEST	29		Get all video games	1594210062265	1594210062268	OK	 
USER	Basic Load Simulation	29	END	1594210052227	1594210062270
REQUEST	50		Get Specific Game	1594210062377	1594210062380	OK	 
REQUEST	51		Get Specific Game	1594210062576	1594210062578	OK	 
REQUEST	30		Get all video games	1594210062586	1594210062589	OK	 
USER	Basic Load Simulation	30	END	1594210052554	1594210062590
REQUEST	52		Get Specific Game	1594210062775	1594210062777	OK	 
REQUEST	31		Get all video games	1594210062817	1594210062819	OK	 
USER	Basic Load Simulation	31	END	1594210052804	1594210062820
REQUEST	53		Get Specific Game	1594210062976	1594210062983	OK	 
REQUEST	32		Get all video games	1594210063077	1594210063081	OK	 
USER	Basic Load Simulation	32	END	1594210053057	1594210063082
REQUEST	54		Get Specific Game	1594210063180	1594210063187	OK	 
REQUEST	33		Get all video games	1594210063339	1594210063342	OK	 
USER	Basic Load Simulation	33	END	1594210053304	1594210063343
REQUEST	55		Get Specific Game	1594210063365	1594210063368	OK	 
REQUEST	56		Get Specific Game	1594210063579	1594210063587	OK	 
REQUEST	34		Get all video games	1594210063595	1594210063598	OK	 
USER	Basic Load Simulation	34	END	1594210053556	1594210063598
REQUEST	57		Get Specific Game	1594210063776	1594210063783	OK	 
REQUEST	35		Get all video games	1594210063830	1594210063838	OK	 
USER	Basic Load Simulation	35	END	1594210053796	1594210063838
REQUEST	58		Get Specific Game	1594210064189	1594210064193	OK	 
REQUEST	36		Get all video games	1594210064190	1594210064196	OK	 
USER	Basic Load Simulation	36	END	1594210054045	1594210064196
REQUEST	59		Get Specific Game	1594210064195	1594210064198	OK	 
REQUEST	37		Get all video games	1594210064383	1594210064387	OK	 
USER	Basic Load Simulation	37	END	1594210054299	1594210064388
REQUEST	60		Get Specific Game	1594210064392	1594210064398	OK	 
REQUEST	38		Get all video games	1594210064570	1594210064576	OK	 
USER	Basic Load Simulation	38	END	1594210054549	1594210064577
REQUEST	39		Get all video games	1594210064847	1594210064851	OK	 
USER	Basic Load Simulation	39	END	1594210054815	1594210064851
REQUEST	40		Get all video games	1594210065098	1594210065101	OK	 
USER	Basic Load Simulation	40	END	1594210055065	1594210065102
REQUEST	41		Get all video games	1594210065430	1594210065433	OK	 
USER	Basic Load Simulation	41	END	1594210055315	1594210065434
REQUEST	42		Get all video games	1594210065597	1594210065599	OK	 
USER	Basic Load Simulation	42	END	1594210055566	1594210065600
REQUEST	43		Get all video games	1594210065835	1594210065839	OK	 
USER	Basic Load Simulation	43	END	1594210055807	1594210065840
REQUEST	44		Get all video games	1594210066084	1594210066090	OK	 
USER	Basic Load Simulation	44	END	1594210056054	1594210066092
REQUEST	45		Get all video games	1594210066335	1594210066338	OK	 
USER	Basic Load Simulation	45	END	1594210056307	1594210066338
REQUEST	46		Get all video games	1594210066588	1594210066591	OK	 
USER	Basic Load Simulation	46	END	1594210056554	1594210066591
REQUEST	47		Get all video games	1594210066798	1594210066801	OK	 
USER	Basic Load Simulation	47	END	1594210056759	1594210066801
REQUEST	48		Get all video games	1594210066977	1594210066979	OK	 
USER	Basic Load Simulation	48	END	1594210056955	1594210066980
REQUEST	49		Get all video games	1594210067187	1594210067189	OK	 
USER	Basic Load Simulation	49	END	1594210057154	1594210067190
REQUEST	50		Get all video games	1594210067387	1594210067389	OK	 
USER	Basic Load Simulation	50	END	1594210057355	1594210067391
REQUEST	51		Get all video games	1594210067588	1594210067591	OK	 
USER	Basic Load Simulation	51	END	1594210057558	1594210067591
REQUEST	52		Get all video games	1594210067797	1594210067800	OK	 
USER	Basic Load Simulation	52	END	1594210057758	1594210067800
REQUEST	53		Get all video games	1594210067997	1594210068000	OK	 
USER	Basic Load Simulation	53	END	1594210057960	1594210068000
REQUEST	54		Get all video games	1594210068185	1594210068187	OK	 
USER	Basic Load Simulation	54	END	1594210058157	1594210068188
REQUEST	55		Get all video games	1594210068384	1594210068387	OK	 
USER	Basic Load Simulation	55	END	1594210058354	1594210068387
REQUEST	56		Get all video games	1594210068594	1594210068597	OK	 
USER	Basic Load Simulation	56	END	1594210058559	1594210068598
REQUEST	57		Get all video games	1594210068786	1594210068788	OK	 
USER	Basic Load Simulation	57	END	1594210058754	1594210068789
REQUEST	58		Get all video games	1594210068984	1594210068987	OK	 
USER	Basic Load Simulation	58	END	1594210058956	1594210068988
REQUEST	59		Get all video games	1594210069379	1594210069382	OK	 
REQUEST	60		Get all video games	1594210069378	1594210069382	OK	 
USER	Basic Load Simulation	59	END	1594210059155	1594210069382
USER	Basic Load Simulation	60	END	1594210059354	1594210069383
