RUN	test.scala.Simulation.RampUsersLoadSimulation	rampusersloadsimulation	1594210821710	 	3.3.1
USER	Basic Load Simulation	1	START	1594210828866	1594210828866
USER	Basic Load Simulation	2	START	1594210829006	1594210829006
REQUEST	1		Get all video games	1594210828943	1594210828986	OK	 
REQUEST	2		Get all video games	1594210829007	1594210829071	OK	 
USER	Basic Load Simulation	3	START	1594210829073	1594210829073
REQUEST	3		Get all video games	1594210829075	1594210829099	OK	 
USER	Basic Load Simulation	4	START	1594210829167	1594210829167
REQUEST	4		Get all video games	1594210829168	1594210829174	OK	 
USER	Basic Load Simulation	5	START	1594210829269	1594210829269
REQUEST	5		Get all video games	1594210829270	1594210829278	OK	 
USER	Basic Load Simulation	6	START	1594210829371	1594210829371
REQUEST	6		Get all video games	1594210829372	1594210829376	OK	 
USER	Basic Load Simulation	7	START	1594210829467	1594210829467
REQUEST	7		Get all video games	1594210829468	1594210829476	OK	 
USER	Basic Load Simulation	8	START	1594210829569	1594210829569
REQUEST	8		Get all video games	1594210829571	1594210829578	OK	 
USER	Basic Load Simulation	9	START	1594210829666	1594210829666
REQUEST	9		Get all video games	1594210829667	1594210829671	OK	 
USER	Basic Load Simulation	10	START	1594210829767	1594210829767
REQUEST	10		Get all video games	1594210829768	1594210829776	OK	 
USER	Basic Load Simulation	11	START	1594210829869	1594210829869
REQUEST	11		Get all video games	1594210829870	1594210829878	OK	 
USER	Basic Load Simulation	12	START	1594210829956	1594210829956
REQUEST	12		Get all video games	1594210829957	1594210829962	OK	 
USER	Basic Load Simulation	13	START	1594210830060	1594210830060
REQUEST	13		Get all video games	1594210830061	1594210830066	OK	 
USER	Basic Load Simulation	14	START	1594210830157	1594210830157
REQUEST	14		Get all video games	1594210830158	1594210830162	OK	 
USER	Basic Load Simulation	15	START	1594210830257	1594210830257
REQUEST	15		Get all video games	1594210830258	1594210830262	OK	 
USER	Basic Load Simulation	16	START	1594210830360	1594210830360
REQUEST	16		Get all video games	1594210830361	1594210830369	OK	 
USER	Basic Load Simulation	17	START	1594210830456	1594210830456
REQUEST	17		Get all video games	1594210830456	1594210830461	OK	 
USER	Basic Load Simulation	18	START	1594210830558	1594210830558
REQUEST	18		Get all video games	1594210830559	1594210830567	OK	 
USER	Basic Load Simulation	19	START	1594210830658	1594210830658
REQUEST	19		Get all video games	1594210830663	1594210830670	OK	 
USER	Basic Load Simulation	20	START	1594210830759	1594210830759
REQUEST	20		Get all video games	1594210830760	1594210830764	OK	 
USER	Basic Load Simulation	21	START	1594210830857	1594210830857
REQUEST	21		Get all video games	1594210830858	1594210830862	OK	 
USER	Basic Load Simulation	22	START	1594210830971	1594210830971
REQUEST	22		Get all video games	1594210830972	1594210830979	OK	 
USER	Basic Load Simulation	23	START	1594210831069	1594210831069
REQUEST	23		Get all video games	1594210831069	1594210831077	OK	 
USER	Basic Load Simulation	24	START	1594210831169	1594210831169
REQUEST	24		Get all video games	1594210831170	1594210831174	OK	 
USER	Basic Load Simulation	25	START	1594210831267	1594210831267
REQUEST	25		Get all video games	1594210831268	1594210831273	OK	 
USER	Basic Load Simulation	26	START	1594210831366	1594210831366
REQUEST	26		Get all video games	1594210831367	1594210831374	OK	 
USER	Basic Load Simulation	27	START	1594210831466	1594210831466
REQUEST	27		Get all video games	1594210831466	1594210831471	OK	 
USER	Basic Load Simulation	28	START	1594210831566	1594210831566
REQUEST	28		Get all video games	1594210831566	1594210831572	OK	 
USER	Basic Load Simulation	29	START	1594210831668	1594210831668
REQUEST	29		Get all video games	1594210831669	1594210831675	OK	 
USER	Basic Load Simulation	30	START	1594210831765	1594210831765
REQUEST	30		Get all video games	1594210831766	1594210831771	OK	 
USER	Basic Load Simulation	31	START	1594210831869	1594210831869
REQUEST	31		Get all video games	1594210831870	1594210831876	OK	 
USER	Basic Load Simulation	32	START	1594210831965	1594210831965
REQUEST	32		Get all video games	1594210831966	1594210831974	OK	 
USER	Basic Load Simulation	33	START	1594210832069	1594210832069
REQUEST	33		Get all video games	1594210832070	1594210832076	OK	 
USER	Basic Load Simulation	34	START	1594210832166	1594210832166
REQUEST	34		Get all video games	1594210832167	1594210832171	OK	 
USER	Basic Load Simulation	35	START	1594210832270	1594210832270
REQUEST	35		Get all video games	1594210832271	1594210832275	OK	 
USER	Basic Load Simulation	36	START	1594210832368	1594210832368
REQUEST	36		Get all video games	1594210832369	1594210832374	OK	 
USER	Basic Load Simulation	37	START	1594210832470	1594210832470
REQUEST	37		Get all video games	1594210832473	1594210832479	OK	 
USER	Basic Load Simulation	38	START	1594210832566	1594210832566
REQUEST	38		Get all video games	1594210832567	1594210832575	OK	 
USER	Basic Load Simulation	39	START	1594210832665	1594210832665
REQUEST	39		Get all video games	1594210832667	1594210832673	OK	 
USER	Basic Load Simulation	40	START	1594210832768	1594210832768
REQUEST	40		Get all video games	1594210832768	1594210832773	OK	 
USER	Basic Load Simulation	41	START	1594210832865	1594210832865
REQUEST	41		Get all video games	1594210832866	1594210832872	OK	 
USER	Basic Load Simulation	42	START	1594210832969	1594210832969
REQUEST	42		Get all video games	1594210832970	1594210832976	OK	 
USER	Basic Load Simulation	43	START	1594210833067	1594210833067
REQUEST	43		Get all video games	1594210833068	1594210833074	OK	 
USER	Basic Load Simulation	44	START	1594210833168	1594210833168
REQUEST	44		Get all video games	1594210833169	1594210833176	OK	 
USER	Basic Load Simulation	45	START	1594210833271	1594210833271
REQUEST	45		Get all video games	1594210833272	1594210833278	OK	 
USER	Basic Load Simulation	46	START	1594210833366	1594210833366
REQUEST	46		Get all video games	1594210833367	1594210833375	OK	 
USER	Basic Load Simulation	47	START	1594210833469	1594210833469
REQUEST	47		Get all video games	1594210833470	1594210833479	OK	 
USER	Basic Load Simulation	48	START	1594210833567	1594210833567
REQUEST	48		Get all video games	1594210833567	1594210833572	OK	 
USER	Basic Load Simulation	49	START	1594210833670	1594210833670
REQUEST	49		Get all video games	1594210833670	1594210833675	OK	 
USER	Basic Load Simulation	50	START	1594210833767	1594210833767
REQUEST	50		Get all video games	1594210833767	1594210833773	OK	 
USER	Basic Load Simulation	51	START	1594210833869	1594210833869
REQUEST	51		Get all video games	1594210833870	1594210833876	OK	 
USER	Basic Load Simulation	52	START	1594210833969	1594210833969
REQUEST	52		Get all video games	1594210833970	1594210833978	OK	 
REQUEST	1		Get Specific Game	1594210834041	1594210834047	OK	 
USER	Basic Load Simulation	53	START	1594210834069	1594210834069
REQUEST	53		Get all video games	1594210834070	1594210834077	OK	 
REQUEST	2		Get Specific Game	1594210834086	1594210834090	OK	 
REQUEST	3		Get Specific Game	1594210834106	1594210834108	OK	 
USER	Basic Load Simulation	54	START	1594210834168	1594210834168
REQUEST	54		Get all video games	1594210834168	1594210834175	OK	 
REQUEST	4		Get Specific Game	1594210834190	1594210834192	OK	 
USER	Basic Load Simulation	55	START	1594210834266	1594210834266
REQUEST	55		Get all video games	1594210834266	1594210834276	OK	 
REQUEST	5		Get Specific Game	1594210834286	1594210834293	OK	 
USER	Basic Load Simulation	56	START	1594210834369	1594210834369
REQUEST	56		Get all video games	1594210834370	1594210834387	OK	 
REQUEST	6		Get Specific Game	1594210834400	1594210834404	OK	 
USER	Basic Load Simulation	57	START	1594210834466	1594210834466
REQUEST	57		Get all video games	1594210834467	1594210834474	OK	 
REQUEST	7		Get Specific Game	1594210834490	1594210834495	OK	 
USER	Basic Load Simulation	58	START	1594210834565	1594210834565
REQUEST	58		Get all video games	1594210834566	1594210834571	OK	 
REQUEST	8		Get Specific Game	1594210834586	1594210834590	OK	 
USER	Basic Load Simulation	59	START	1594210834668	1594210834668
REQUEST	59		Get all video games	1594210834669	1594210834676	OK	 
REQUEST	9		Get Specific Game	1594210834690	1594210834698	OK	 
USER	Basic Load Simulation	60	START	1594210834767	1594210834767
REQUEST	60		Get all video games	1594210834768	1594210834774	OK	 
REQUEST	10		Get Specific Game	1594210834787	1594210834791	OK	 
USER	Basic Load Simulation	61	START	1594210834870	1594210834870
REQUEST	61		Get all video games	1594210834871	1594210834877	OK	 
REQUEST	11		Get Specific Game	1594210834886	1594210834891	OK	 
USER	Basic Load Simulation	62	START	1594210834960	1594210834960
REQUEST	62		Get all video games	1594210834961	1594210834965	OK	 
REQUEST	12		Get Specific Game	1594210834982	1594210834985	OK	 
USER	Basic Load Simulation	63	START	1594210835059	1594210835059
REQUEST	63		Get all video games	1594210835060	1594210835066	OK	 
REQUEST	13		Get Specific Game	1594210835080	1594210835083	OK	 
USER	Basic Load Simulation	64	START	1594210835156	1594210835156
REQUEST	64		Get all video games	1594210835157	1594210835164	OK	 
REQUEST	14		Get Specific Game	1594210835179	1594210835182	OK	 
USER	Basic Load Simulation	65	START	1594210835256	1594210835256
REQUEST	65		Get all video games	1594210835256	1594210835261	OK	 
REQUEST	15		Get Specific Game	1594210835277	1594210835280	OK	 
USER	Basic Load Simulation	66	START	1594210835361	1594210835361
REQUEST	66		Get all video games	1594210835362	1594210835371	OK	 
REQUEST	16		Get Specific Game	1594210835386	1594210835389	OK	 
USER	Basic Load Simulation	67	START	1594210835458	1594210835458
REQUEST	67		Get all video games	1594210835459	1594210835463	OK	 
REQUEST	17		Get Specific Game	1594210835480	1594210835489	OK	 
USER	Basic Load Simulation	68	START	1594210835556	1594210835556
REQUEST	68		Get all video games	1594210835557	1594210835561	OK	 
REQUEST	18		Get Specific Game	1594210835588	1594210835592	OK	 
USER	Basic Load Simulation	69	START	1594210835658	1594210835658
REQUEST	69		Get all video games	1594210835659	1594210835664	OK	 
REQUEST	19		Get Specific Game	1594210835690	1594210835694	OK	 
USER	Basic Load Simulation	70	START	1594210835756	1594210835756
REQUEST	70		Get all video games	1594210835757	1594210835761	OK	 
REQUEST	20		Get Specific Game	1594210835778	1594210835786	OK	 
USER	Basic Load Simulation	71	START	1594210835859	1594210835859
REQUEST	71		Get all video games	1594210835862	1594210835870	OK	 
REQUEST	21		Get Specific Game	1594210835876	1594210835879	OK	 
USER	Basic Load Simulation	72	START	1594210835969	1594210835969
REQUEST	72		Get all video games	1594210835970	1594210835975	OK	 
REQUEST	22		Get Specific Game	1594210836001	1594210836004	OK	 
USER	Basic Load Simulation	73	START	1594210836068	1594210836068
REQUEST	73		Get all video games	1594210836068	1594210836076	OK	 
REQUEST	23		Get Specific Game	1594210836088	1594210836092	OK	 
USER	Basic Load Simulation	74	START	1594210836166	1594210836166
REQUEST	74		Get all video games	1594210836166	1594210836171	OK	 
REQUEST	24		Get Specific Game	1594210836186	1594210836190	OK	 
USER	Basic Load Simulation	75	START	1594210836268	1594210836268
REQUEST	75		Get all video games	1594210836268	1594210836272	OK	 
REQUEST	25		Get Specific Game	1594210836289	1594210836292	OK	 
USER	Basic Load Simulation	76	START	1594210836367	1594210836367
REQUEST	76		Get all video games	1594210836367	1594210836372	OK	 
REQUEST	26		Get Specific Game	1594210836387	1594210836392	OK	 
USER	Basic Load Simulation	77	START	1594210836469	1594210836469
REQUEST	77		Get all video games	1594210836470	1594210836473	OK	 
REQUEST	27		Get Specific Game	1594210836491	1594210836494	OK	 
USER	Basic Load Simulation	78	START	1594210836568	1594210836568
REQUEST	78		Get all video games	1594210836568	1594210836573	OK	 
REQUEST	28		Get Specific Game	1594210836579	1594210836581	OK	 
USER	Basic Load Simulation	79	START	1594210836668	1594210836668
REQUEST	79		Get all video games	1594210836668	1594210836672	OK	 
REQUEST	29		Get Specific Game	1594210836689	1594210836691	OK	 
USER	Basic Load Simulation	80	START	1594210836765	1594210836765
REQUEST	80		Get all video games	1594210836766	1594210836771	OK	 
REQUEST	30		Get Specific Game	1594210836780	1594210836785	OK	 
USER	Basic Load Simulation	81	START	1594210836869	1594210836869
REQUEST	81		Get all video games	1594210836870	1594210836874	OK	 
REQUEST	31		Get Specific Game	1594210836890	1594210836896	OK	 
USER	Basic Load Simulation	82	START	1594210836980	1594210836980
REQUEST	82		Get all video games	1594210836981	1594210836986	OK	 
REQUEST	32		Get Specific Game	1594210836991	1594210836994	OK	 
USER	Basic Load Simulation	83	START	1594210837077	1594210837077
REQUEST	83		Get all video games	1594210837077	1594210837081	OK	 
REQUEST	33		Get Specific Game	1594210837088	1594210837091	OK	 
USER	Basic Load Simulation	84	START	1594210837175	1594210837175
REQUEST	84		Get all video games	1594210837176	1594210837181	OK	 
REQUEST	34		Get Specific Game	1594210837186	1594210837188	OK	 
USER	Basic Load Simulation	85	START	1594210837277	1594210837277
REQUEST	85		Get all video games	1594210837278	1594210837287	OK	 
REQUEST	35		Get Specific Game	1594210837289	1594210837295	OK	 
USER	Basic Load Simulation	86	START	1594210837376	1594210837376
REQUEST	86		Get all video games	1594210837376	1594210837381	OK	 
REQUEST	36		Get Specific Game	1594210837387	1594210837390	OK	 
USER	Basic Load Simulation	87	START	1594210837480	1594210837480
REQUEST	87		Get all video games	1594210837481	1594210837485	OK	 
REQUEST	37		Get Specific Game	1594210837491	1594210837495	OK	 
USER	Basic Load Simulation	88	START	1594210837580	1594210837580
REQUEST	88		Get all video games	1594210837581	1594210837591	OK	 
REQUEST	38		Get Specific Game	1594210837594	1594210837599	OK	 
USER	Basic Load Simulation	89	START	1594210837679	1594210837679
REQUEST	89		Get all video games	1594210837680	1594210837685	OK	 
REQUEST	39		Get Specific Game	1594210837691	1594210837694	OK	 
USER	Basic Load Simulation	90	START	1594210837775	1594210837775
REQUEST	90		Get all video games	1594210837777	1594210837784	OK	 
REQUEST	40		Get Specific Game	1594210837787	1594210837792	OK	 
USER	Basic Load Simulation	91	START	1594210837879	1594210837879
REQUEST	41		Get Specific Game	1594210837880	1594210837886	OK	 
REQUEST	91		Get all video games	1594210837881	1594210837887	OK	 
USER	Basic Load Simulation	92	START	1594210837970	1594210837970
REQUEST	92		Get all video games	1594210837971	1594210837975	OK	 
REQUEST	42		Get Specific Game	1594210837986	1594210837989	OK	 
USER	Basic Load Simulation	93	START	1594210838068	1594210838068
REQUEST	93		Get all video games	1594210838069	1594210838073	OK	 
REQUEST	43		Get Specific Game	1594210838090	1594210838092	OK	 
USER	Basic Load Simulation	94	START	1594210838165	1594210838165
REQUEST	94		Get all video games	1594210838166	1594210838170	OK	 
REQUEST	44		Get Specific Game	1594210838187	1594210838189	OK	 
USER	Basic Load Simulation	95	START	1594210838269	1594210838269
REQUEST	95		Get all video games	1594210838270	1594210838275	OK	 
REQUEST	45		Get Specific Game	1594210838290	1594210838293	OK	 
USER	Basic Load Simulation	96	START	1594210838366	1594210838366
REQUEST	96		Get all video games	1594210838367	1594210838371	OK	 
REQUEST	46		Get Specific Game	1594210838389	1594210838391	OK	 
USER	Basic Load Simulation	97	START	1594210838466	1594210838466
REQUEST	97		Get all video games	1594210838466	1594210838470	OK	 
REQUEST	47		Get Specific Game	1594210838486	1594210838489	OK	 
USER	Basic Load Simulation	98	START	1594210838567	1594210838567
REQUEST	98		Get all video games	1594210838568	1594210838571	OK	 
REQUEST	48		Get Specific Game	1594210838589	1594210838592	OK	 
USER	Basic Load Simulation	99	START	1594210838665	1594210838665
REQUEST	99		Get all video games	1594210838666	1594210838670	OK	 
REQUEST	49		Get Specific Game	1594210838686	1594210838689	OK	 
USER	Basic Load Simulation	100	START	1594210838768	1594210838768
REQUEST	100		Get all video games	1594210838769	1594210838773	OK	 
REQUEST	50		Get Specific Game	1594210838789	1594210838792	OK	 
REQUEST	51		Get Specific Game	1594210838891	1594210838896	OK	 
REQUEST	52		Get Specific Game	1594210838990	1594210838993	OK	 
REQUEST	1		Get all video games	1594210839012	1594210839015	OK	 
USER	Basic Load Simulation	1	END	1594210828866	1594210839023
REQUEST	2		Get all video games	1594210839092	1594210839095	OK	 
REQUEST	53		Get Specific Game	1594210839092	1594210839098	OK	 
USER	Basic Load Simulation	2	END	1594210829006	1594210839096
REQUEST	3		Get all video games	1594210839131	1594210839133	OK	 
USER	Basic Load Simulation	3	END	1594210829073	1594210839135
REQUEST	54		Get Specific Game	1594210839186	1594210839188	OK	 
REQUEST	4		Get all video games	1594210839196	1594210839199	OK	 
USER	Basic Load Simulation	4	END	1594210829167	1594210839200
REQUEST	55		Get Specific Game	1594210839298	1594210839300	OK	 
REQUEST	5		Get all video games	1594210839309	1594210839311	OK	 
USER	Basic Load Simulation	5	END	1594210829269	1594210839312
REQUEST	56		Get Specific Game	1594210839396	1594210839400	OK	 
REQUEST	6		Get all video games	1594210839396	1594210839403	OK	 
USER	Basic Load Simulation	6	END	1594210829371	1594210839403
REQUEST	57		Get Specific Game	1594210839490	1594210839494	OK	 
REQUEST	7		Get all video games	1594210839501	1594210839504	OK	 
USER	Basic Load Simulation	7	END	1594210829467	1594210839505
REQUEST	58		Get Specific Game	1594210839578	1594210839580	OK	 
REQUEST	8		Get all video games	1594210839611	1594210839614	OK	 
USER	Basic Load Simulation	8	END	1594210829569	1594210839615
REQUEST	9		Get all video games	1594210839688	1594210839691	OK	 
REQUEST	59		Get Specific Game	1594210839687	1594210839692	OK	 
USER	Basic Load Simulation	9	END	1594210829666	1594210839691
REQUEST	60		Get Specific Game	1594210839791	1594210839794	OK	 
REQUEST	10		Get all video games	1594210839796	1594210839798	OK	 
USER	Basic Load Simulation	10	END	1594210829767	1594210839799
REQUEST	61		Get Specific Game	1594210839887	1594210839890	OK	 
REQUEST	11		Get all video games	1594210839907	1594210839909	OK	 
USER	Basic Load Simulation	11	END	1594210829869	1594210839910
REQUEST	62		Get Specific Game	1594210839979	1594210839983	OK	 
REQUEST	12		Get all video games	1594210839990	1594210839993	OK	 
USER	Basic Load Simulation	12	END	1594210829956	1594210839994
REQUEST	63		Get Specific Game	1594210840076	1594210840080	OK	 
REQUEST	13		Get all video games	1594210840086	1594210840090	OK	 
USER	Basic Load Simulation	13	END	1594210830060	1594210840091
REQUEST	64		Get Specific Game	1594210840178	1594210840181	OK	 
REQUEST	14		Get all video games	1594210840189	1594210840193	OK	 
USER	Basic Load Simulation	14	END	1594210830157	1594210840193
REQUEST	65		Get Specific Game	1594210840276	1594210840279	OK	 
REQUEST	15		Get all video games	1594210840287	1594210840291	OK	 
USER	Basic Load Simulation	15	END	1594210830257	1594210840292
REQUEST	66		Get Specific Game	1594210840378	1594210840380	OK	 
REQUEST	16		Get all video games	1594210840388	1594210840390	OK	 
USER	Basic Load Simulation	16	END	1594210830360	1594210840391
REQUEST	67		Get Specific Game	1594210840476	1594210840478	OK	 
REQUEST	17		Get all video games	1594210840486	1594210840489	OK	 
USER	Basic Load Simulation	17	END	1594210830456	1594210840489
REQUEST	68		Get Specific Game	1594210840576	1594210840579	OK	 
REQUEST	18		Get all video games	1594210840587	1594210840589	OK	 
USER	Basic Load Simulation	18	END	1594210830558	1594210840590
REQUEST	69		Get Specific Game	1594210840678	1594210840680	OK	 
REQUEST	19		Get all video games	1594210840688	1594210840690	OK	 
USER	Basic Load Simulation	19	END	1594210830658	1594210840691
REQUEST	70		Get Specific Game	1594210840776	1594210840779	OK	 
REQUEST	20		Get all video games	1594210840786	1594210840789	OK	 
USER	Basic Load Simulation	20	END	1594210830759	1594210840789
REQUEST	71		Get Specific Game	1594210840879	1594210840884	OK	 
REQUEST	21		Get all video games	1594210840880	1594210840885	OK	 
USER	Basic Load Simulation	21	END	1594210830857	1594210840885
REQUEST	72		Get Specific Game	1594210840991	1594210840995	OK	 
REQUEST	22		Get all video games	1594210840990	1594210840996	OK	 
USER	Basic Load Simulation	22	END	1594210830971	1594210840996
REQUEST	73		Get Specific Game	1594210841089	1594210841091	OK	 
REQUEST	23		Get all video games	1594210841100	1594210841103	OK	 
USER	Basic Load Simulation	23	END	1594210831069	1594210841103
REQUEST	74		Get Specific Game	1594210841186	1594210841188	OK	 
REQUEST	24		Get all video games	1594210841196	1594210841199	OK	 
USER	Basic Load Simulation	24	END	1594210831169	1594210841200
REQUEST	75		Get Specific Game	1594210841287	1594210841290	OK	 
REQUEST	25		Get all video games	1594210841298	1594210841301	OK	 
USER	Basic Load Simulation	25	END	1594210831267	1594210841302
REQUEST	76		Get Specific Game	1594210841389	1594210841391	OK	 
REQUEST	26		Get all video games	1594210841399	1594210841402	OK	 
USER	Basic Load Simulation	26	END	1594210831366	1594210841403
REQUEST	77		Get Specific Game	1594210841486	1594210841488	OK	 
REQUEST	27		Get all video games	1594210841497	1594210841499	OK	 
USER	Basic Load Simulation	27	END	1594210831466	1594210841500
REQUEST	78		Get Specific Game	1594210841588	1594210841590	OK	 
REQUEST	28		Get all video games	1594210841598	1594210841601	OK	 
USER	Basic Load Simulation	28	END	1594210831566	1594210841603
REQUEST	79		Get Specific Game	1594210841690	1594210841692	OK	 
REQUEST	29		Get all video games	1594210841700	1594210841702	OK	 
USER	Basic Load Simulation	29	END	1594210831668	1594210841703
REQUEST	80		Get Specific Game	1594210841797	1594210841800	OK	 
REQUEST	30		Get all video games	1594210841796	1594210841800	OK	 
USER	Basic Load Simulation	30	END	1594210831765	1594210841801
REQUEST	81		Get Specific Game	1594210841887	1594210841890	OK	 
REQUEST	31		Get all video games	1594210841897	1594210841900	OK	 
USER	Basic Load Simulation	31	END	1594210831869	1594210841901
REQUEST	32		Get all video games	1594210841989	1594210841992	OK	 
USER	Basic Load Simulation	32	END	1594210831965	1594210841992
REQUEST	82		Get Specific Game	1594210842000	1594210842003	OK	 
REQUEST	83		Get Specific Game	1594210842098	1594210842101	OK	 
REQUEST	33		Get all video games	1594210842098	1594210842101	OK	 
USER	Basic Load Simulation	33	END	1594210832069	1594210842102
REQUEST	84		Get Specific Game	1594210842186	1594210842189	OK	 
REQUEST	34		Get all video games	1594210842190	1594210842193	OK	 
USER	Basic Load Simulation	34	END	1594210832166	1594210842194
REQUEST	35		Get all video games	1594210842296	1594210842300	OK	 
USER	Basic Load Simulation	35	END	1594210832270	1594210842300
REQUEST	85		Get Specific Game	1594210842296	1594210842303	OK	 
REQUEST	86		Get Specific Game	1594210842399	1594210842403	OK	 
REQUEST	36		Get all video games	1594210842401	1594210842406	OK	 
USER	Basic Load Simulation	36	END	1594210832368	1594210842407
REQUEST	37		Get all video games	1594210842500	1594210842503	OK	 
USER	Basic Load Simulation	37	END	1594210832470	1594210842504
REQUEST	87		Get Specific Game	1594210842511	1594210842514	OK	 
REQUEST	38		Get all video games	1594210842586	1594210842589	OK	 
USER	Basic Load Simulation	38	END	1594210832566	1594210842590
REQUEST	88		Get Specific Game	1594210842607	1594210842610	OK	 
REQUEST	89		Get Specific Game	1594210842700	1594210842703	OK	 
REQUEST	39		Get all video games	1594210842701	1594210842703	OK	 
USER	Basic Load Simulation	39	END	1594210832665	1594210842704
REQUEST	40		Get all video games	1594210842788	1594210842798	OK	 
USER	Basic Load Simulation	40	END	1594210832768	1594210842799
REQUEST	90		Get Specific Game	1594210842800	1594210842803	OK	 
REQUEST	91		Get Specific Game	1594210842901	1594210842904	OK	 
REQUEST	41		Get all video games	1594210842901	1594210842904	OK	 
USER	Basic Load Simulation	41	END	1594210832865	1594210842904
REQUEST	92		Get Specific Game	1594210842986	1594210842988	OK	 
REQUEST	42		Get all video games	1594210842986	1594210842988	OK	 
USER	Basic Load Simulation	42	END	1594210832969	1594210842989
REQUEST	93		Get Specific Game	1594210843088	1594210843091	OK	 
REQUEST	43		Get all video games	1594210843099	1594210843101	OK	 
USER	Basic Load Simulation	43	END	1594210833067	1594210843102
REQUEST	94		Get Specific Game	1594210843186	1594210843189	OK	 
REQUEST	44		Get all video games	1594210843196	1594210843198	OK	 
USER	Basic Load Simulation	44	END	1594210833168	1594210843199
REQUEST	95		Get Specific Game	1594210843289	1594210843292	OK	 
REQUEST	45		Get all video games	1594210843299	1594210843302	OK	 
USER	Basic Load Simulation	45	END	1594210833271	1594210843302
REQUEST	96		Get Specific Game	1594210843390	1594210843393	OK	 
REQUEST	46		Get all video games	1594210843400	1594210843403	OK	 
USER	Basic Load Simulation	46	END	1594210833366	1594210843404
REQUEST	97		Get Specific Game	1594210843489	1594210843491	OK	 
REQUEST	47		Get all video games	1594210843510	1594210843514	OK	 
USER	Basic Load Simulation	47	END	1594210833469	1594210843514
REQUEST	98		Get Specific Game	1594210843586	1594210843589	OK	 
REQUEST	48		Get all video games	1594210843596	1594210843598	OK	 
USER	Basic Load Simulation	48	END	1594210833567	1594210843598
REQUEST	99		Get Specific Game	1594210843688	1594210843691	OK	 
REQUEST	49		Get all video games	1594210843698	1594210843700	OK	 
USER	Basic Load Simulation	49	END	1594210833670	1594210843701
REQUEST	100		Get Specific Game	1594210843790	1594210843793	OK	 
REQUEST	50		Get all video games	1594210843801	1594210843804	OK	 
USER	Basic Load Simulation	50	END	1594210833767	1594210843805
REQUEST	51		Get all video games	1594210843910	1594210843913	OK	 
USER	Basic Load Simulation	51	END	1594210833869	1594210843914
REQUEST	52		Get all video games	1594210843999	1594210844002	OK	 
USER	Basic Load Simulation	52	END	1594210833969	1594210844003
REQUEST	53		Get all video games	1594210844097	1594210844099	OK	 
USER	Basic Load Simulation	53	END	1594210834069	1594210844100
REQUEST	54		Get all video games	1594210844189	1594210844192	OK	 
USER	Basic Load Simulation	54	END	1594210834168	1594210844193
REQUEST	55		Get all video games	1594210844296	1594210844299	OK	 
USER	Basic Load Simulation	55	END	1594210834266	1594210844299
REQUEST	56		Get all video games	1594210844431	1594210844441	OK	 
USER	Basic Load Simulation	56	END	1594210834369	1594210844444
REQUEST	57		Get all video games	1594210844496	1594210844501	OK	 
USER	Basic Load Simulation	57	END	1594210834466	1594210844503
REQUEST	58		Get all video games	1594210844599	1594210844602	OK	 
USER	Basic Load Simulation	58	END	1594210834565	1594210844603
REQUEST	59		Get all video games	1594210844698	1594210844701	OK	 
USER	Basic Load Simulation	59	END	1594210834668	1594210844702
REQUEST	60		Get all video games	1594210844788	1594210844791	OK	 
USER	Basic Load Simulation	60	END	1594210834767	1594210844792
REQUEST	61		Get all video games	1594210844897	1594210844900	OK	 
USER	Basic Load Simulation	61	END	1594210834870	1594210844900
REQUEST	62		Get all video games	1594210844989	1594210844993	OK	 
USER	Basic Load Simulation	62	END	1594210834960	1594210844994
REQUEST	63		Get all video games	1594210845087	1594210845090	OK	 
USER	Basic Load Simulation	63	END	1594210835059	1594210845091
REQUEST	64		Get all video games	1594210845189	1594210845192	OK	 
USER	Basic Load Simulation	64	END	1594210835156	1594210845192
REQUEST	65		Get all video games	1594210845288	1594210845291	OK	 
USER	Basic Load Simulation	65	END	1594210835256	1594210845292
REQUEST	66		Get all video games	1594210845397	1594210845400	OK	 
USER	Basic Load Simulation	66	END	1594210835361	1594210845401
REQUEST	67		Get all video games	1594210845490	1594210845492	OK	 
USER	Basic Load Simulation	67	END	1594210835458	1594210845493
REQUEST	68		Get all video games	1594210845588	1594210845590	OK	 
USER	Basic Load Simulation	68	END	1594210835556	1594210845590
REQUEST	69		Get all video games	1594210845691	1594210845693	OK	 
USER	Basic Load Simulation	69	END	1594210835658	1594210845694
REQUEST	70		Get all video games	1594210845776	1594210845779	OK	 
USER	Basic Load Simulation	70	END	1594210835756	1594210845779
REQUEST	71		Get all video games	1594210845896	1594210845898	OK	 
USER	Basic Load Simulation	71	END	1594210835859	1594210845898
REQUEST	72		Get all video games	1594210845998	1594210846001	OK	 
USER	Basic Load Simulation	72	END	1594210835969	1594210846001
REQUEST	73		Get all video games	1594210846096	1594210846098	OK	 
USER	Basic Load Simulation	73	END	1594210836068	1594210846098
REQUEST	74		Get all video games	1594210846189	1594210846193	OK	 
USER	Basic Load Simulation	74	END	1594210836166	1594210846193
REQUEST	75		Get all video games	1594210846298	1594210846302	OK	 
USER	Basic Load Simulation	75	END	1594210836268	1594210846303
REQUEST	76		Get all video games	1594210846401	1594210846404	OK	 
USER	Basic Load Simulation	76	END	1594210836367	1594210846404
REQUEST	77		Get all video games	1594210846499	1594210846501	OK	 
USER	Basic Load Simulation	77	END	1594210836469	1594210846502
REQUEST	78		Get all video games	1594210846596	1594210846598	OK	 
USER	Basic Load Simulation	78	END	1594210836568	1594210846600
REQUEST	79		Get all video games	1594210846701	1594210846705	OK	 
USER	Basic Load Simulation	79	END	1594210836668	1594210846705
REQUEST	80		Get all video games	1594210846797	1594210846801	OK	 
USER	Basic Load Simulation	80	END	1594210836765	1594210846801
REQUEST	81		Get all video games	1594210846896	1594210846900	OK	 
USER	Basic Load Simulation	81	END	1594210836869	1594210846900
REQUEST	82		Get all video games	1594210847009	1594210847012	OK	 
USER	Basic Load Simulation	82	END	1594210836980	1594210847013
REQUEST	83		Get all video games	1594210847108	1594210847110	OK	 
USER	Basic Load Simulation	83	END	1594210837077	1594210847111
REQUEST	84		Get all video games	1594210847197	1594210847200	OK	 
USER	Basic Load Simulation	84	END	1594210837175	1594210847201
REQUEST	85		Get all video games	1594210847313	1594210847316	OK	 
USER	Basic Load Simulation	85	END	1594210837277	1594210847319
REQUEST	86		Get all video games	1594210847409	1594210847412	OK	 
USER	Basic Load Simulation	86	END	1594210837376	1594210847414
REQUEST	87		Get all video games	1594210847507	1594210847510	OK	 
USER	Basic Load Simulation	87	END	1594210837480	1594210847510
REQUEST	88		Get all video games	1594210847616	1594210847621	OK	 
USER	Basic Load Simulation	88	END	1594210837580	1594210847621
REQUEST	89		Get all video games	1594210847700	1594210847704	OK	 
USER	Basic Load Simulation	89	END	1594210837679	1594210847705
REQUEST	90		Get all video games	1594210847807	1594210847810	OK	 
USER	Basic Load Simulation	90	END	1594210837775	1594210847811
REQUEST	91		Get all video games	1594210847898	1594210847901	OK	 
USER	Basic Load Simulation	91	END	1594210837879	1594210847902
REQUEST	92		Get all video games	1594210847997	1594210848000	OK	 
USER	Basic Load Simulation	92	END	1594210837970	1594210848000
REQUEST	93		Get all video games	1594210848101	1594210848103	OK	 
USER	Basic Load Simulation	93	END	1594210838068	1594210848104
REQUEST	94		Get all video games	1594210848197	1594210848200	OK	 
USER	Basic Load Simulation	94	END	1594210838165	1594210848201
REQUEST	95		Get all video games	1594210848302	1594210848305	OK	 
USER	Basic Load Simulation	95	END	1594210838269	1594210848305
REQUEST	96		Get all video games	1594210848400	1594210848408	OK	 
USER	Basic Load Simulation	96	END	1594210838366	1594210848408
REQUEST	97		Get all video games	1594210848499	1594210848502	OK	 
USER	Basic Load Simulation	97	END	1594210838466	1594210848502
REQUEST	98		Get all video games	1594210848588	1594210848593	OK	 
USER	Basic Load Simulation	98	END	1594210838567	1594210848593
REQUEST	99		Get all video games	1594210848701	1594210848704	OK	 
USER	Basic Load Simulation	99	END	1594210838665	1594210848705
REQUEST	100		Get all video games	1594210848799	1594210848801	OK	 
USER	Basic Load Simulation	100	END	1594210838768	1594210848802
